[0.058s] Invoking command in '/home/robogames/vt-cro/robogames_pi/car_robot_ws/build/articubot_one': CMAKE_PREFIX_PATH=/opt/ros/jazzy:${CMAKE_PREFIX_PATH} DEBUGINFOD_URLS=https://debuginfod.ubuntu.com /usr/bin/cmake --build /home/robogames/vt-cro/robogames_pi/car_robot_ws/build/articubot_one -- -j4 -l4
[0.218s] [ 20%] Built target color_detection_node
[0.224s] [ 40%] Built target joy_serial
[0.227s] [ 60%] Built target depth_to_laserscan
[0.235s] [ 80%] Built target depth_processing_node
[0.312s] [ 90%] [32mBuilding CXX object CMakeFiles/main_bt_node.dir/src/main_bt_node.cpp.o[0m
[0.874s] In file included from [01m[K/home/robogames/vt-cro/robogames_pi/car_robot_ws/src/articubot_one/src/main_bt_node.cpp:6[m[K:
[0.874s] [01m[K/opt/ros/jazzy/include/nav2_behavior_tree/bt_action_node.hpp:23:10:[m[K [01;31m[Kfatal error: [m[Knav2_util/node_utils.hpp: No such file or directory
[0.874s]    23 | #include [01;31m[K"nav2_util/node_utils.hpp"[m[K
[0.874s]       |          [01;31m[K^~~~~~~~~~~~~~~~~~~~~~~~~~[m[K
[0.874s] compilation terminated.
[0.882s] gmake[2]: *** [CMakeFiles/main_bt_node.dir/build.make:76: CMakeFiles/main_bt_node.dir/src/main_bt_node.cpp.o] Error 1
[0.883s] gmake[1]: *** [CMakeFiles/Makefile2:249: CMakeFiles/main_bt_node.dir/all] Error 2
[0.883s] gmake: *** [Makefile:146: all] Error 2
[0.886s] Invoked command in '/home/robogames/vt-cro/robogames_pi/car_robot_ws/build/articubot_one' returned '2': CMAKE_PREFIX_PATH=/opt/ros/jazzy:${CMAKE_PREFIX_PATH} DEBUGINFOD_URLS=https://debuginfod.ubuntu.com /usr/bin/cmake --build /home/robogames/vt-cro/robogames_pi/car_robot_ws/build/articubot_one -- -j4 -l4
