[0.059s] Invoking command in '/home/robogames/vt-cro/robogames_pi/car_robot_ws/build/articubot_one': CMAKE_PREFIX_PATH=/opt/ros/jazzy:${CMAKE_PREFIX_PATH} DEBUGINFOD_URLS=https://debuginfod.ubuntu.com /usr/bin/cmake --build /home/robogames/vt-cro/robogames_pi/car_robot_ws/build/articubot_one -- -j4 -l4
[0.210s] [ 20%] Built target depth_to_laserscan
[0.227s] [ 40%] Built target color_detection_node
[0.238s] [ 60%] Built target joy_serial
[0.240s] [ 80%] Built target depth_processing_node
[0.275s] [ 90%] [32mBuilding CXX object CMakeFiles/main_bt_node.dir/src/main_bt_node.cpp.o[0m
[0.302s] [01m[K/home/robogames/vt-cro/robogames_pi/car_robot_ws/src/articubot_one/src/main_bt_node.cpp:1:1:[m[K [01;31m[Kerror: [m[Kâ€˜[01m[Kbt[m[Kâ€™ does not name a type
[0.302s]     1 | [01;31m[Kbt[m[K::BehaviorTreeFactory factory;
[0.302s]       | [01;31m[K^~[m[K
[0.302s] [01m[K/home/robogames/vt-cro/robogames_pi/car_robot_ws/src/articubot_one/src/main_bt_node.cpp:4:1:[m[K [01;31m[Kerror: [m[Kâ€˜[01m[Kfactory[m[Kâ€™ does not name a type
[0.302s]     4 | [01;31m[Kfactory[m[K.registerNodeType<DetectObject>("DetectObject");
[0.302s]       | [01;31m[K^~~~~~~[m[K
[0.303s] [01m[K/home/robogames/vt-cro/robogames_pi/car_robot_ws/src/articubot_one/src/main_bt_node.cpp:5:1:[m[K [01;31m[Kerror: [m[Kâ€˜[01m[Kfactory[m[Kâ€™ does not name a type
[0.303s]     5 | [01;31m[Kfactory[m[K.registerNodeType<Spin>("Spin");
[0.303s]       | [01;31m[K^~~~~~~[m[K
[0.303s] [01m[K/home/robogames/vt-cro/robogames_pi/car_robot_ws/src/articubot_one/src/main_bt_node.cpp:6:1:[m[K [01;31m[Kerror: [m[Kâ€˜[01m[Kfactory[m[Kâ€™ does not name a type
[0.305s]     6 | [01;31m[Kfactory[m[K.registerNodeType<NavigateToPose>("NavigateToPose");
[0.307s]       | [01;31m[K^~~~~~~[m[K
[0.309s] [01m[K/home/robogames/vt-cro/robogames_pi/car_robot_ws/src/articubot_one/src/main_bt_node.cpp:7:1:[m[K [01;31m[Kerror: [m[Kâ€˜[01m[Kfactory[m[Kâ€™ does not name a type
[0.309s]     7 | [01;31m[Kfactory[m[K.registerNodeType<Turn>("Turn");
[0.310s]       | [01;31m[K^~~~~~~[m[K
[0.310s] [01m[K/home/robogames/vt-cro/robogames_pi/car_robot_ws/src/articubot_one/src/main_bt_node.cpp:8:1:[m[K [01;31m[Kerror: [m[Kâ€˜[01m[Kfactory[m[Kâ€™ does not name a type
[0.310s]     8 | [01;31m[Kfactory[m[K.registerNodeType<CheckTopicAlive>("CheckTopicAlive");
[0.310s]       | [01;31m[K^~~~~~~[m[K
[0.312s] [01m[K/home/robogames/vt-cro/robogames_pi/car_robot_ws/src/articubot_one/src/main_bt_node.cpp:9:1:[m[K [01;31m[Kerror: [m[Kâ€˜[01m[Kfactory[m[Kâ€™ does not name a type
[0.313s]     9 | [01;31m[Kfactory[m[K.registerNodeType<CheckControllerAlive>("CheckControllerAlive");
[0.313s]       | [01;31m[K^~~~~~~[m[K
[0.313s] [01m[K/home/robogames/vt-cro/robogames_pi/car_robot_ws/src/articubot_one/src/main_bt_node.cpp:13:6:[m[K [01;31m[Kerror: [m[Kâ€˜[01m[Kstring[m[Kâ€™ in namespace â€˜[01m[Kstd[m[Kâ€™ does not name a type
[0.313s]    13 | std::[01;31m[Kstring[m[K tree_file;
[0.314s]       |      [01;31m[K^~~~~~[m[K
[0.314s] [01m[K/home/robogames/vt-cro/robogames_pi/car_robot_ws/src/articubot_one/src/main_bt_node.cpp:1:1:[m[K [01;36m[Knote: [m[Kâ€˜[01m[Kstd::string[m[Kâ€™ is defined in header â€˜[01m[K<string>[m[Kâ€™; did you forget to â€˜[01m[K#include <string>[m[Kâ€™?
[0.314s]   +++ |+[32m[K#include <string>[m[K
[0.314s]     1 | bt::BehaviorTreeFactory factory;
[0.314s] [01m[K/home/robogames/vt-cro/robogames_pi/car_robot_ws/src/articubot_one/src/main_bt_node.cpp:14:1:[m[K [01;31m[Kerror: [m[Kâ€˜[01m[Knode[m[Kâ€™ does not name a type
[0.314s]    14 | [01;31m[Knode[m[K->get_parameter("bt_xml_file", tree_file);
[0.314s]       | [01;31m[K^~~~[m[K
[0.314s] [01m[K/home/robogames/vt-cro/robogames_pi/car_robot_ws/src/articubot_one/src/main_bt_node.cpp:15:1:[m[K [01;31m[Kerror: [m[Kâ€˜[01m[Kfactory[m[Kâ€™ does not name a type
[0.314s]    15 | [01;31m[Kfactory[m[K.createTreeFromFile(tree_file);
[0.314s]       | [01;31m[K^~~~~~~[m[K
[0.316s] [01m[K/home/robogames/vt-cro/robogames_pi/car_robot_ws/src/articubot_one/src/main_bt_node.cpp:20:19:[m[K [01;31m[Kerror: [m[Kâ€˜[01m[Ktree[m[Kâ€™ was not declared in this scope
[0.316s]    20 | auto blackboard = [01;31m[Ktree[m[K.rootBlackboard();
[0.316s]       |                   [01;31m[K^~~~[m[K
[0.317s] [01m[K/home/robogames/vt-cro/robogames_pi/car_robot_ws/src/articubot_one/src/main_bt_node.cpp:21:1:[m[K [01;31m[Kerror: [m[Kâ€˜[01m[Kblackboard[m[Kâ€™ does not name a type
[0.317s]    21 | [01;31m[Kblackboard[m[K->set("node", shared_from_this());  // if inside a ROS node
[0.317s]       | [01;31m[K^~~~~~~~~~[m[K
[0.317s] [01m[K/home/robogames/vt-cro/robogames_pi/car_robot_ws/src/articubot_one/src/main_bt_node.cpp:24:1:[m[K [01;31m[Kerror: [m[Kâ€˜[01m[KBT[m[Kâ€™ does not name a type
[0.317s]    24 | [01;31m[KBT[m[K::NodeStatus status = BT::NodeStatus::IDLE;
[0.317s]       | [01;31m[K^~[m[K
[0.317s] [01m[K/home/robogames/vt-cro/robogames_pi/car_robot_ws/src/articubot_one/src/main_bt_node.cpp:25:1:[m[K [01;31m[Kerror: [m[Kâ€˜[01m[Krclcpp[m[Kâ€™ does not name a type
[0.318s]    25 | [01;31m[Krclcpp[m[K::Rate rate(10); // 10Hz
[0.318s]       | [01;31m[K^~~~~~[m[K
[0.318s] [01m[K/home/robogames/vt-cro/robogames_pi/car_robot_ws/src/articubot_one/src/main_bt_node.cpp:27:1:[m[K [01;31m[Kerror: [m[Kexpected unqualified-id before â€˜[01m[Kwhile[m[Kâ€™
[0.318s]    27 | [01;31m[Kwhile[m[K (rclcpp::ok() && status != BT::NodeStatus::SUCCESS) {
[0.318s]       | [01;31m[K^~~~~[m[K
[0.318s] gmake[2]: *** [CMakeFiles/main_bt_node.dir/build.make:76: CMakeFiles/main_bt_node.dir/src/main_bt_node.cpp.o] Error 1
[0.319s] gmake[1]: *** [CMakeFiles/Makefile2:249: CMakeFiles/main_bt_node.dir/all] Error 2
[0.324s] gmake: *** [Makefile:146: all] Error 2
[0.330s] Invoked command in '/home/robogames/vt-cro/robogames_pi/car_robot_ws/build/articubot_one' returned '2': CMAKE_PREFIX_PATH=/opt/ros/jazzy:${CMAKE_PREFIX_PATH} DEBUGINFOD_URLS=https://debuginfod.ubuntu.com /usr/bin/cmake --build /home/robogames/vt-cro/robogames_pi/car_robot_ws/build/articubot_one -- -j4 -l4
