[0.065s] Invoking command in '/home/robogames/vt-cro/robogames_pi/car_robot_ws/build/articubot_one': CMAKE_PREFIX_PATH=/opt/ros/jazzy:${CMAKE_PREFIX_PATH} DEBUGINFOD_URLS=https://debuginfod.ubuntu.com /usr/bin/cmake --build /home/robogames/vt-cro/robogames_pi/car_robot_ws/build/articubot_one -- -j4 -l4
[0.174s] -- Found ament_cmake: 2.5.3 (/opt/ros/jazzy/share/ament_cmake/cmake)
[0.582s] -- Found serial: 1.2.1 (/home/robogames/vt-cro/robogames_pi/car_robot_ws/install/serial/share/serial/cmake)
[0.584s] -- Found rclcpp: 28.1.6 (/opt/ros/jazzy/share/rclcpp/cmake)
[0.625s] -- Found rosidl_generator_c: 4.6.5 (/opt/ros/jazzy/share/rosidl_generator_c/cmake)
[0.638s] -- Found rosidl_generator_cpp: 4.6.5 (/opt/ros/jazzy/share/rosidl_generator_cpp/cmake)
[0.655s] -- Using all available rosidl_typesupport_c: rosidl_typesupport_fastrtps_c;rosidl_typesupport_introspection_c
[0.675s] -- Using all available rosidl_typesupport_cpp: rosidl_typesupport_fastrtps_cpp;rosidl_typesupport_introspection_cpp
[0.761s] -- Found rmw_implementation_cmake: 7.3.1 (/opt/ros/jazzy/share/rmw_implementation_cmake/cmake)
[0.762s] -- Found rmw_fastrtps_cpp: 8.4.1 (/opt/ros/jazzy/share/rmw_fastrtps_cpp/cmake)
[0.862s] -- Using RMW implementation 'rmw_fastrtps_cpp' as default
[0.948s] -- Found sensor_msgs: 5.3.5 (/opt/ros/jazzy/share/sensor_msgs/cmake)
[1.031s] -- Found cv_bridge: 4.1.0 (/opt/ros/jazzy/share/cv_bridge/cmake)
[1.035s] -- Found image_geometry: 4.1.0 (/opt/ros/jazzy/share/image_geometry/cmake)
[1.039s] -- Found controller_manager_msgs: 4.27.0 (/opt/ros/jazzy/share/controller_manager_msgs/cmake)
[1.099s] -- Found rclcpp_action: 28.1.6 (/opt/ros/jazzy/share/rclcpp_action/cmake)
[1.149s] -- Found nav2_msgs: 1.3.5 (/opt/ros/jazzy/share/nav2_msgs/cmake)
[1.288s] -- Found nav2_util: 1.3.5 (/opt/ros/jazzy/share/nav2_util/cmake)
[1.359s] -- Found eigen3_cmake_module: 0.3.0 (/opt/ros/jazzy/share/eigen3_cmake_module/cmake)
[1.361s] -- Ensuring Eigen3 include directory is part of orocos-kdl CMake target
[1.478s] [33mCMake Warning at /home/robogames/torch_py_env/lib/python3.12/site-packages/torch/share/cmake/Torch/TorchConfig.cmake:22 (message):
[1.479s]   static library kineto_LIBRARY-NOTFOUND not found.
[1.479s] Call Stack (most recent call first):
[1.479s]   /home/robogames/torch_py_env/lib/python3.12/site-packages/torch/share/cmake/Torch/TorchConfig.cmake:121 (append_torchlib_if_found)
[1.479s]   CMakeLists.txt:37 (find_package)
[1.479s] 
[1.479s] [0m
[1.479s] -- LibTorch found
[1.652s] -- Configuring done (1.5s)
[1.752s] -- Generating done (0.1s)
[1.793s] -- Build files have been written to: /home/robogames/vt-cro/robogames_pi/car_robot_ws/build/articubot_one
[1.892s] [  8%] [32mBuilding CXX object CMakeFiles/yolov8_detection_node.dir/src/yolov8_detection_node.cpp.o[0m
[1.925s] [ 25%] Built target joy_serial
[1.939s] [ 41%] Built target depth_to_laserscan
[1.945s] [ 58%] Built target color_detection_node
[1.986s] [ 66%] [32m[1mLinking CXX executable yolov8_detection_node[0m
[2.019s] [ 83%] Built target depth_processing_node
[2.034s] [100%] Built target main_bt_node
[3.025s] /usr/bin/ld: /usr/lib/gcc/aarch64-linux-gnu/13/../../../aarch64-linux-gnu/Scrt1.o: in function `_start':
[3.025s] (.text+0x1c): undefined reference to `main'
[3.025s] /usr/bin/ld: (.text+0x20): undefined reference to `main'
[3.030s] collect2: error: ld returned 1 exit status
[3.033s] gmake[2]: *** [CMakeFiles/yolov8_detection_node.dir/build.make:242: yolov8_detection_node] Error 1
[3.033s] gmake[1]: *** [CMakeFiles/Makefile2:199: CMakeFiles/yolov8_detection_node.dir/all] Error 2
[3.034s] gmake: *** [Makefile:146: all] Error 2
[3.037s] Invoked command in '/home/robogames/vt-cro/robogames_pi/car_robot_ws/build/articubot_one' returned '2': CMAKE_PREFIX_PATH=/opt/ros/jazzy:${CMAKE_PREFIX_PATH} DEBUGINFOD_URLS=https://debuginfod.ubuntu.com /usr/bin/cmake --build /home/robogames/vt-cro/robogames_pi/car_robot_ws/build/articubot_one -- -j4 -l4
