[ 20%] Built target joy_serial
[ 40%] Built target depth_processing_node
[ 60%] Built target depth_to_laserscan
[ 80%] Built target color_detection_node
[ 90%] [32mBuilding CXX object CMakeFiles/main_bt_node.dir/src/main_bt_node.cpp.o[0m
In file included from [01m[K/home/robogames/vt-cro/robogames_pi/car_robot_ws/src/articubot_one/src/main_bt_node.cpp:10[m[K:
[01m[K/home/robogames/vt-cro/robogames_pi/car_robot_ws/src/articubot_one/src/check_controller_alive_node.cpp:5:10:[m[K [01;31m[Kfatal error: [m[Kcontroller_manager_msgs/srv/list_controllers.hpp: No such file or directory
    5 | #include [01;31m[K<controller_manager_msgs/srv/list_controllers.hpp>[m[K
      |          [01;31m[K^~~~~~~~~~~~~~~~~~~~~~~~~~~~~~~~~~~~~~~~~~~~~~~~~~[m[K
compilation terminated.
gmake[2]: *** [CMakeFiles/main_bt_node.dir/build.make:76: CMakeFiles/main_bt_node.dir/src/main_bt_node.cpp.o] Error 1
gmake[1]: *** [CMakeFiles/Makefile2:249: CMakeFiles/main_bt_node.dir/all] Error 2
gmake: *** [Makefile:146: all] Error 2
