[01m[K/home/robogames/vt-cro/robogames_pi/car_robot_ws/src/articubot_one/src/yolov8_detection_node.cpp:1:10:[m[K [01;31m[Kfatal error: [m[Ktorch/script.h: No such file or directory
    1 | #include [01;31m[K<torch/script.h>[m[K
      |          [01;31m[K^~~~~~~~~~~~~~~~[m[K
compilation terminated.
gmake[2]: *** [CMakeFiles/yolov8_detection_node.dir/build.make:76: CMakeFiles/yolov8_detection_node.dir/src/yolov8_detection_node.cpp.o] Error 1
gmake[1]: *** [CMakeFiles/Makefile2:199: CMakeFiles/yolov8_detection_node.dir/all] Error 2
gmake[1]: *** Waiting for unfinished jobs....
gmake: *** [Makefile:146: all] Error 2
