[0.059s] Invoking command in '/home/robogames/vt-cro/robogames_pi/car_robot_ws/build/articubot_one': CMAKE_PREFIX_PATH=/opt/ros/jazzy:${CMAKE_PREFIX_PATH} DEBUGINFOD_URLS=https://debuginfod.ubuntu.com /usr/bin/cmake --build /home/robogames/vt-cro/robogames_pi/car_robot_ws/build/articubot_one -- -j4 -l4
[0.222s] [ 20%] Built target depth_processing_node
[0.230s] [ 40%] Built target joy_serial
[0.231s] [ 60%] Built target color_detection_node
[0.234s] [ 80%] Built target depth_to_laserscan
[0.306s] [ 90%] [32mBuilding CXX object CMakeFiles/main_bt_node.dir/src/main_bt_node.cpp.o[0m
[10.672s] gmake[2]: *** wait: No child processes.  Stop.
[10.672s] gmake[2]: *** Waiting for unfinished jobs....
[10.672s] gmake[2]: *** wait: No child processes.  Stop.
[10.673s] gmake[1]: *** [CMakeFiles/Makefile2:249: CMakeFiles/main_bt_node.dir/all] Error 2
[10.674s] gmake: *** [Makefile:146: all] Interrupt
[10.786s] Invoked command in '/home/robogames/vt-cro/robogames_pi/car_robot_ws/build/articubot_one' returned '-2': CMAKE_PREFIX_PATH=/opt/ros/jazzy:${CMAKE_PREFIX_PATH} DEBUGINFOD_URLS=https://debuginfod.ubuntu.com /usr/bin/cmake --build /home/robogames/vt-cro/robogames_pi/car_robot_ws/build/articubot_one -- -j4 -l4
