[0.057s] Invoking command in '/home/robogames/vt-cro/robogames_pi/car_robot_ws/build/articubot_one': CMAKE_PREFIX_PATH=/opt/ros/jazzy:${CMAKE_PREFIX_PATH} DEBUGINFOD_URLS=https://debuginfod.ubuntu.com /usr/bin/cmake --build /home/robogames/vt-cro/robogames_pi/car_robot_ws/build/articubot_one -- -j4 -l4
[0.200s] [  8%] [32mBuilding CXX object CMakeFiles/yolov8_detection_node.dir/src/yolov8_detection_node.cpp.o[0m
[0.226s] [ 25%] Built target color_detection_node
[0.232s] [ 41%] Built target joy_serial
[0.239s] [ 58%] Built target depth_to_laserscan
[0.307s] [ 75%] Built target depth_processing_node
[0.311s] [ 91%] Built target main_bt_node
[3.751s] [01m[K/home/robogames/vt-cro/robogames_pi/car_robot_ws/src/articubot_one/src/yolov8_detection_node.cpp:5:10:[m[K [01;31m[Kfatal error: [m[Kcv_bridge/cv_bridge.h: No such file or directory
[3.751s]     5 | #include [01;31m[K<cv_bridge/cv_bridge.h>[m[K
[3.751s]       |          [01;31m[K^~~~~~~~~~~~~~~~~~~~~~~[m[K
[3.751s] compilation terminated.
[3.776s] gmake[2]: *** [CMakeFiles/yolov8_detection_node.dir/build.make:76: CMakeFiles/yolov8_detection_node.dir/src/yolov8_detection_node.cpp.o] Error 1
[3.777s] gmake[1]: *** [CMakeFiles/Makefile2:199: CMakeFiles/yolov8_detection_node.dir/all] Error 2
[3.777s] gmake: *** [Makefile:146: all] Error 2
[3.780s] Invoked command in '/home/robogames/vt-cro/robogames_pi/car_robot_ws/build/articubot_one' returned '2': CMAKE_PREFIX_PATH=/opt/ros/jazzy:${CMAKE_PREFIX_PATH} DEBUGINFOD_URLS=https://debuginfod.ubuntu.com /usr/bin/cmake --build /home/robogames/vt-cro/robogames_pi/car_robot_ws/build/articubot_one -- -j4 -l4
