[0.058s] Invoking command in '/home/robogames/vt-cro/robogames_pi/car_robot_ws/build/articubot_one': CMAKE_PREFIX_PATH=/opt/ros/jazzy:${CMAKE_PREFIX_PATH} DEBUGINFOD_URLS=https://debuginfod.ubuntu.com /usr/bin/cmake --build /home/robogames/vt-cro/robogames_pi/car_robot_ws/build/articubot_one -- -j4 -l4
[0.115s] -- Found ament_cmake: 2.5.3 (/opt/ros/jazzy/share/ament_cmake/cmake)
[0.509s] -- Found serial: 1.2.1 (/home/robogames/vt-cro/robogames_pi/car_robot_ws/install/serial/share/serial/cmake)
[0.511s] -- Found rclcpp: 28.1.6 (/opt/ros/jazzy/share/rclcpp/cmake)
[0.551s] -- Found rosidl_generator_c: 4.6.5 (/opt/ros/jazzy/share/rosidl_generator_c/cmake)
[0.565s] -- Found rosidl_generator_cpp: 4.6.5 (/opt/ros/jazzy/share/rosidl_generator_cpp/cmake)
[0.582s] -- Using all available rosidl_typesupport_c: rosidl_typesupport_fastrtps_c;rosidl_typesupport_introspection_c
[0.601s] -- Using all available rosidl_typesupport_cpp: rosidl_typesupport_fastrtps_cpp;rosidl_typesupport_introspection_cpp
[0.683s] -- Found rmw_implementation_cmake: 7.3.1 (/opt/ros/jazzy/share/rmw_implementation_cmake/cmake)
[0.684s] -- Found rmw_fastrtps_cpp: 8.4.1 (/opt/ros/jazzy/share/rmw_fastrtps_cpp/cmake)
[0.781s] -- Using RMW implementation 'rmw_fastrtps_cpp' as default
[0.866s] -- Found sensor_msgs: 5.3.5 (/opt/ros/jazzy/share/sensor_msgs/cmake)
[0.947s] -- Found cv_bridge: 4.1.0 (/opt/ros/jazzy/share/cv_bridge/cmake)
[0.951s] -- Found image_geometry: 4.1.0 (/opt/ros/jazzy/share/image_geometry/cmake)
[0.958s] -- Found controller_manager_msgs: 4.27.0 (/opt/ros/jazzy/share/controller_manager_msgs/cmake)
[1.028s] -- Found ament_lint_auto: 0.17.1 (/opt/ros/jazzy/share/ament_lint_auto/cmake)
[1.198s] -- Added test 'copyright' to check source files copyright and LICENSE
[1.202s] -- Added test 'cppcheck' to perform static code analysis on C / C++ code
[1.203s] -- Configured cppcheck include dirs: 
[1.203s] -- Configured cppcheck exclude dirs and/or files: 
[1.206s] -- Added test 'cpplint' to check C / C++ code against the Google style
[1.206s] -- Configured cpplint exclude dirs and/or files: 
[1.207s] -- Added test 'flake8' to check Python code syntax and style conventions
[1.207s] -- Configured 'flake8' exclude dirs and/or files: 
[1.208s] -- Added test 'lint_cmake' to check CMake code style
[1.209s] -- Added test 'pep257' to check Python code against some of the docstring style conventions in PEP 257
[1.213s] -- Added test 'uncrustify' to check C / C++ code style
[1.213s] -- Configured uncrustify additional arguments: 
[1.213s] -- Added test 'xmllint' to check XML markup files
[1.215s] -- Configuring done (1.1s)
[1.294s] -- Generating done (0.1s)
[1.328s] -- Build files have been written to: /home/robogames/vt-cro/robogames_pi/car_robot_ws/build/articubot_one
[1.430s] [ 20%] Built target joy_serial
[1.440s] [ 40%] Built target depth_processing_node
[1.447s] [ 60%] Built target color_detection_node
[1.455s] [ 80%] Built target depth_to_laserscan
[1.479s] [ 90%] [32mBuilding CXX object CMakeFiles/main_bt_node.dir/src/main_bt_node.cpp.o[0m
[5.140s] [01m[K/home/robogames/vt-cro/robogames_pi/car_robot_ws/src/articubot_one/src/main_bt_node.cpp:[m[K In function â€˜[01m[Kint[01;32m[K main[m[K(int, char**)[m[Kâ€™:
[5.140s] [01m[K/home/robogames/vt-cro/robogames_pi/car_robot_ws/src/articubot_one/src/main_bt_node.cpp:34:28:[m[K [01;31m[Kerror: [m[Kâ€˜[01m[KDetectObject[m[Kâ€™ was not declared in this scope
[5.140s]    34 |   factory.registerNodeType<[01;31m[KDetectObject[m[K>("DetectObject");
[5.140s]       |                            [01;31m[K^~~~~~~~~~~~[m[K
[5.140s] [01m[K/home/robogames/vt-cro/robogames_pi/car_robot_ws/src/articubot_one/src/main_bt_node.cpp:34:41:[m[K [01;31m[Kerror: [m[Kno matching function for call to â€˜[01m[KBT::BehaviorTreeFactory::registerNodeType<<expression error> >(const char [13])[m[Kâ€™
[5.140s]    34 |   [01;31m[Kfactory.registerNodeType<DetectObject>("DetectObject")[m[K;
[5.140s]       |   [01;31m[K~~~~~~~~~~~~~~~~~~~~~~~~~~~~~~~~~~~~~~^~~~~~~~~~~~~~~~[m[K
[5.141s] In file included from [01m[K/home/robogames/vt-cro/robogames_pi/car_robot_ws/src/articubot_one/src/main_bt_node.cpp:6[m[K:
[5.141s] [01m[K/opt/ros/jazzy/include/behaviortree_cpp_v3/bt_factory.h:364:8:[m[K [01;36m[Knote: [m[Kcandidate: â€˜[01m[Ktemplate<class T> void BT::BehaviorTreeFactory::[01;32m[KregisterNodeType[m[K(const std::string&)[m[Kâ€™
[5.141s]   364 |   void [01;36m[KregisterNodeType[m[K(const std::string& ID)
[5.141s]       |        [01;36m[K^~~~~~~~~~~~~~~~[m[K
[5.141s] [01m[K/opt/ros/jazzy/include/behaviortree_cpp_v3/bt_factory.h:364:8:[m[K [01;36m[Knote: [m[K  template argument deduction/substitution failed:
[5.141s] [01m[K/home/robogames/vt-cro/robogames_pi/car_robot_ws/src/articubot_one/src/main_bt_node.cpp:34:41:[m[K [01;31m[Kerror: [m[Ktemplate argument 1 is invalid
[5.141s]    34 |   [01;31m[Kfactory.registerNodeType<DetectObject>("DetectObject")[m[K;
[5.141s]       |   [01;31m[K~~~~~~~~~~~~~~~~~~~~~~~~~~~~~~~~~~~~~~^~~~~~~~~~~~~~~~[m[K
[5.141s] [01m[K/opt/ros/jazzy/include/behaviortree_cpp_v3/bt_factory.h:422:8:[m[K [01;36m[Knote: [m[Kcandidate: â€˜[01m[Ktemplate<class T> void BT::BehaviorTreeFactory::[01;32m[KregisterNodeType[m[K(const std::string&, BT::PortsList)[m[Kâ€™
[5.141s]   422 |   void [01;36m[KregisterNodeType[m[K(const std::string& ID, PortsList ports)
[5.141s]       |        [01;36m[K^~~~~~~~~~~~~~~~[m[K
[5.141s] [01m[K/opt/ros/jazzy/include/behaviortree_cpp_v3/bt_factory.h:422:8:[m[K [01;36m[Knote: [m[K  candidate expects 2 arguments, 1 provided
[5.147s] [01m[K/home/robogames/vt-cro/robogames_pi/car_robot_ws/src/articubot_one/src/main_bt_node.cpp:35:28:[m[K [01;31m[Kerror: [m[Kâ€˜[01m[KSpin[m[Kâ€™ was not declared in this scope
[5.147s]    35 |   factory.registerNodeType<[01;31m[KSpin[m[K>("Spin");
[5.147s]       |                            [01;31m[K^~~~[m[K
[5.147s] [01m[K/home/robogames/vt-cro/robogames_pi/car_robot_ws/src/articubot_one/src/main_bt_node.cpp:35:33:[m[K [01;31m[Kerror: [m[Kno matching function for call to â€˜[01m[KBT::BehaviorTreeFactory::registerNodeType<<expression error> >(const char [5])[m[Kâ€™
[5.147s]    35 |   [01;31m[Kfactory.registerNodeType<Spin>("Spin")[m[K;
[5.147s]       |   [01;31m[K~~~~~~~~~~~~~~~~~~~~~~~~~~~~~~^~~~~~~~[m[K
[5.147s] [01m[K/opt/ros/jazzy/include/behaviortree_cpp_v3/bt_factory.h:364:8:[m[K [01;36m[Knote: [m[Kcandidate: â€˜[01m[Ktemplate<class T> void BT::BehaviorTreeFactory::[01;32m[KregisterNodeType[m[K(const std::string&)[m[Kâ€™
[5.147s]   364 |   void [01;36m[KregisterNodeType[m[K(const std::string& ID)
[5.148s]       |        [01;36m[K^~~~~~~~~~~~~~~~[m[K
[5.148s] [01m[K/opt/ros/jazzy/include/behaviortree_cpp_v3/bt_factory.h:364:8:[m[K [01;36m[Knote: [m[K  template argument deduction/substitution failed:
[5.148s] [01m[K/home/robogames/vt-cro/robogames_pi/car_robot_ws/src/articubot_one/src/main_bt_node.cpp:35:33:[m[K [01;31m[Kerror: [m[Ktemplate argument 1 is invalid
[5.148s]    35 |   [01;31m[Kfactory.registerNodeType<Spin>("Spin")[m[K;
[5.148s]       |   [01;31m[K~~~~~~~~~~~~~~~~~~~~~~~~~~~~~~^~~~~~~~[m[K
[5.148s] [01m[K/opt/ros/jazzy/include/behaviortree_cpp_v3/bt_factory.h:422:8:[m[K [01;36m[Knote: [m[Kcandidate: â€˜[01m[Ktemplate<class T> void BT::BehaviorTreeFactory::[01;32m[KregisterNodeType[m[K(const std::string&, BT::PortsList)[m[Kâ€™
[5.148s]   422 |   void [01;36m[KregisterNodeType[m[K(const std::string& ID, PortsList ports)
[5.148s]       |        [01;36m[K^~~~~~~~~~~~~~~~[m[K
[5.148s] [01m[K/opt/ros/jazzy/include/behaviortree_cpp_v3/bt_factory.h:422:8:[m[K [01;36m[Knote: [m[K  candidate expects 2 arguments, 1 provided
[5.157s] [01m[K/home/robogames/vt-cro/robogames_pi/car_robot_ws/src/articubot_one/src/main_bt_node.cpp:36:28:[m[K [01;31m[Kerror: [m[Kâ€˜[01m[KNavigateToPose[m[Kâ€™ was not declared in this scope
[5.157s]    36 |   factory.registerNodeType<[01;31m[KNavigateToPose[m[K>("NavigateToPose");
[5.157s]       |                            [01;31m[K^~~~~~~~~~~~~~[m[K
[5.157s] [01m[K/home/robogames/vt-cro/robogames_pi/car_robot_ws/src/articubot_one/src/main_bt_node.cpp:36:43:[m[K [01;31m[Kerror: [m[Kno matching function for call to â€˜[01m[KBT::BehaviorTreeFactory::registerNodeType<<expression error> >(const char [15])[m[Kâ€™
[5.157s]    36 |   [01;31m[Kfactory.registerNodeType<NavigateToPose>("NavigateToPose")[m[K;
[5.157s]       |   [01;31m[K~~~~~~~~~~~~~~~~~~~~~~~~~~~~~~~~~~~~~~~~^~~~~~~~~~~~~~~~~~[m[K
[5.157s] [01m[K/opt/ros/jazzy/include/behaviortree_cpp_v3/bt_factory.h:364:8:[m[K [01;36m[Knote: [m[Kcandidate: â€˜[01m[Ktemplate<class T> void BT::BehaviorTreeFactory::[01;32m[KregisterNodeType[m[K(const std::string&)[m[Kâ€™
[5.157s]   364 |   void [01;36m[KregisterNodeType[m[K(const std::string& ID)
[5.158s]       |        [01;36m[K^~~~~~~~~~~~~~~~[m[K
[5.158s] [01m[K/opt/ros/jazzy/include/behaviortree_cpp_v3/bt_factory.h:364:8:[m[K [01;36m[Knote: [m[K  template argument deduction/substitution failed:
[5.158s] [01m[K/home/robogames/vt-cro/robogames_pi/car_robot_ws/src/articubot_one/src/main_bt_node.cpp:36:43:[m[K [01;31m[Kerror: [m[Ktemplate argument 1 is invalid
[5.158s]    36 |   [01;31m[Kfactory.registerNodeType<NavigateToPose>("NavigateToPose")[m[K;
[5.158s]       |   [01;31m[K~~~~~~~~~~~~~~~~~~~~~~~~~~~~~~~~~~~~~~~~^~~~~~~~~~~~~~~~~~[m[K
[5.158s] [01m[K/opt/ros/jazzy/include/behaviortree_cpp_v3/bt_factory.h:422:8:[m[K [01;36m[Knote: [m[Kcandidate: â€˜[01m[Ktemplate<class T> void BT::BehaviorTreeFactory::[01;32m[KregisterNodeType[m[K(const std::string&, BT::PortsList)[m[Kâ€™
[5.158s]   422 |   void [01;36m[KregisterNodeType[m[K(const std::string& ID, PortsList ports)
[5.158s]       |        [01;36m[K^~~~~~~~~~~~~~~~[m[K
[5.158s] [01m[K/opt/ros/jazzy/include/behaviortree_cpp_v3/bt_factory.h:422:8:[m[K [01;36m[Knote: [m[K  candidate expects 2 arguments, 1 provided
[5.164s] [01m[K/home/robogames/vt-cro/robogames_pi/car_robot_ws/src/articubot_one/src/main_bt_node.cpp:37:28:[m[K [01;31m[Kerror: [m[Kâ€˜[01m[KTurn[m[Kâ€™ was not declared in this scope
[5.164s]    37 |   factory.registerNodeType<[01;31m[KTurn[m[K>("Turn");
[5.164s]       |                            [01;31m[K^~~~[m[K
[5.164s] [01m[K/home/robogames/vt-cro/robogames_pi/car_robot_ws/src/articubot_one/src/main_bt_node.cpp:37:33:[m[K [01;31m[Kerror: [m[Kno matching function for call to â€˜[01m[KBT::BehaviorTreeFactory::registerNodeType<<expression error> >(const char [5])[m[Kâ€™
[5.164s]    37 |   [01;31m[Kfactory.registerNodeType<Turn>("Turn")[m[K;
[5.164s]       |   [01;31m[K~~~~~~~~~~~~~~~~~~~~~~~~~~~~~~^~~~~~~~[m[K
[5.164s] [01m[K/opt/ros/jazzy/include/behaviortree_cpp_v3/bt_factory.h:364:8:[m[K [01;36m[Knote: [m[Kcandidate: â€˜[01m[Ktemplate<class T> void BT::BehaviorTreeFactory::[01;32m[KregisterNodeType[m[K(const std::string&)[m[Kâ€™
[5.164s]   364 |   void [01;36m[KregisterNodeType[m[K(const std::string& ID)
[5.164s]       |        [01;36m[K^~~~~~~~~~~~~~~~[m[K
[5.164s] [01m[K/opt/ros/jazzy/include/behaviortree_cpp_v3/bt_factory.h:364:8:[m[K [01;36m[Knote: [m[K  template argument deduction/substitution failed:
[5.164s] [01m[K/home/robogames/vt-cro/robogames_pi/car_robot_ws/src/articubot_one/src/main_bt_node.cpp:37:33:[m[K [01;31m[Kerror: [m[Ktemplate argument 1 is invalid
[5.165s]    37 |   [01;31m[Kfactory.registerNodeType<Turn>("Turn")[m[K;
[5.165s]       |   [01;31m[K~~~~~~~~~~~~~~~~~~~~~~~~~~~~~~^~~~~~~~[m[K
[5.165s] [01m[K/opt/ros/jazzy/include/behaviortree_cpp_v3/bt_factory.h:422:8:[m[K [01;36m[Knote: [m[Kcandidate: â€˜[01m[Ktemplate<class T> void BT::BehaviorTreeFactory::[01;32m[KregisterNodeType[m[K(const std::string&, BT::PortsList)[m[Kâ€™
[5.165s]   422 |   void [01;36m[KregisterNodeType[m[K(const std::string& ID, PortsList ports)
[5.165s]       |        [01;36m[K^~~~~~~~~~~~~~~~[m[K
[5.165s] [01m[K/opt/ros/jazzy/include/behaviortree_cpp_v3/bt_factory.h:422:8:[m[K [01;36m[Knote: [m[K  candidate expects 2 arguments, 1 provided
[5.175s] [01m[K/home/robogames/vt-cro/robogames_pi/car_robot_ws/src/articubot_one/src/main_bt_node.cpp:40:28:[m[K [01;31m[Kerror: [m[Kâ€˜[01m[KRunSystemRecovery[m[Kâ€™ was not declared in this scope
[5.175s]    40 |   factory.registerNodeType<[01;31m[KRunSystemRecovery[m[K>("RunSystemRecovery");
[5.175s]       |                            [01;31m[K^~~~~~~~~~~~~~~~~[m[K
[5.175s] [01m[K/home/robogames/vt-cro/robogames_pi/car_robot_ws/src/articubot_one/src/main_bt_node.cpp:40:46:[m[K [01;31m[Kerror: [m[Kno matching function for call to â€˜[01m[KBT::BehaviorTreeFactory::registerNodeType<<expression error> >(const char [18])[m[Kâ€™
[5.175s]    40 |   [01;31m[Kfactory.registerNodeType<RunSystemRecovery>("RunSystemRecovery")[m[K;
[5.175s]       |   [01;31m[K~~~~~~~~~~~~~~~~~~~~~~~~~~~~~~~~~~~~~~~~~~~^~~~~~~~~~~~~~~~~~~~~[m[K
[5.175s] [01m[K/opt/ros/jazzy/include/behaviortree_cpp_v3/bt_factory.h:364:8:[m[K [01;36m[Knote: [m[Kcandidate: â€˜[01m[Ktemplate<class T> void BT::BehaviorTreeFactory::[01;32m[KregisterNodeType[m[K(const std::string&)[m[Kâ€™
[5.175s]   364 |   void [01;36m[KregisterNodeType[m[K(const std::string& ID)
[5.176s]       |        [01;36m[K^~~~~~~~~~~~~~~~[m[K
[5.176s] [01m[K/opt/ros/jazzy/include/behaviortree_cpp_v3/bt_factory.h:364:8:[m[K [01;36m[Knote: [m[K  template argument deduction/substitution failed:
[5.176s] [01m[K/home/robogames/vt-cro/robogames_pi/car_robot_ws/src/articubot_one/src/main_bt_node.cpp:40:46:[m[K [01;31m[Kerror: [m[Ktemplate argument 1 is invalid
[5.176s]    40 |   [01;31m[Kfactory.registerNodeType<RunSystemRecovery>("RunSystemRecovery")[m[K;
[5.176s]       |   [01;31m[K~~~~~~~~~~~~~~~~~~~~~~~~~~~~~~~~~~~~~~~~~~~^~~~~~~~~~~~~~~~~~~~~[m[K
[5.176s] [01m[K/opt/ros/jazzy/include/behaviortree_cpp_v3/bt_factory.h:422:8:[m[K [01;36m[Knote: [m[Kcandidate: â€˜[01m[Ktemplate<class T> void BT::BehaviorTreeFactory::[01;32m[KregisterNodeType[m[K(const std::string&, BT::PortsList)[m[Kâ€™
[5.176s]   422 |   void [01;36m[KregisterNodeType[m[K(const std::string& ID, PortsList ports)
[5.176s]       |        [01;36m[K^~~~~~~~~~~~~~~~[m[K
[5.176s] [01m[K/opt/ros/jazzy/include/behaviortree_cpp_v3/bt_factory.h:422:8:[m[K [01;36m[Knote: [m[K  candidate expects 2 arguments, 1 provided
[7.394s] gmake[2]: *** [CMakeFiles/main_bt_node.dir/build.make:76: CMakeFiles/main_bt_node.dir/src/main_bt_node.cpp.o] Error 1
[7.394s] gmake[1]: *** [CMakeFiles/Makefile2:249: CMakeFiles/main_bt_node.dir/all] Error 2
[7.395s] gmake: *** [Makefile:146: all] Error 2
[7.398s] Invoked command in '/home/robogames/vt-cro/robogames_pi/car_robot_ws/build/articubot_one' returned '2': CMAKE_PREFIX_PATH=/opt/ros/jazzy:${CMAKE_PREFIX_PATH} DEBUGINFOD_URLS=https://debuginfod.ubuntu.com /usr/bin/cmake --build /home/robogames/vt-cro/robogames_pi/car_robot_ws/build/articubot_one -- -j4 -l4
