[0.061s] Invoking command in '/home/robogames/vt-cro/robogames_pi/car_robot_ws/build/articubot_one': CMAKE_PREFIX_PATH=/opt/ros/jazzy:${CMAKE_PREFIX_PATH} DEBUGINFOD_URLS=https://debuginfod.ubuntu.com /usr/bin/cmake --build /home/robogames/vt-cro/robogames_pi/car_robot_ws/build/articubot_one -- -j4 -l4
[0.239s] [ 20%] Built target joy_serial
[0.271s] [ 40%] Built target depth_to_laserscan
[0.287s] [ 60%] Built target depth_processing_node
[0.289s] [ 80%] Built target color_detection_node
[0.339s] [ 90%] [32mBuilding CXX object CMakeFiles/main_bt_node.dir/src/main_bt_node.cpp.o[0m
[4.301s] In file included from [01m[K/opt/ros/jazzy/include/rclcpp/rclcpp/logging.hpp:24[m[K,
[4.301s]                  from [01m[K/opt/ros/jazzy/include/rclcpp/rclcpp/copy_all_parameter_values.hpp:27[m[K,
[4.301s]                  from [01m[K/opt/ros/jazzy/include/rclcpp/rclcpp/rclcpp.hpp:171[m[K,
[4.301s]                  from [01m[K/home/robogames/vt-cro/robogames_pi/car_robot_ws/src/articubot_one/src/main_bt_node.cpp:4[m[K:
[4.301s] [01m[K/home/robogames/vt-cro/robogames_pi/car_robot_ws/src/articubot_one/src/check_controller_alive_node.hpp:[m[K In member function â€˜[01m[Kvirtual BT::NodeStatus CheckControllerAlive::[01;32m[Ktick[m[K()[m[Kâ€™:
[4.301s] [01m[K/home/robogames/vt-cro/robogames_pi/car_robot_ws/src/articubot_one/src/check_controller_alive_node.hpp:31:107:[m[K [01;31m[Kerror: [m[Kâ€˜[01m[Kcontroller_name[m[Kâ€™ was not declared in this scope
[4.301s]    31 | ger(), "[CheckControllerAlive] Error: No 'node' found in blackboard!", [01;31m[Kcontroller_name[m[K.c_str());
[4.301s]       |                                                                        [01;31m[K^~~~~~~~~~~~~~~[m[K
[4.301s] 
[9.011s] gmake[2]: *** [CMakeFiles/main_bt_node.dir/build.make:76: CMakeFiles/main_bt_node.dir/src/main_bt_node.cpp.o] Error 1
[9.012s] gmake[1]: *** [CMakeFiles/Makefile2:249: CMakeFiles/main_bt_node.dir/all] Error 2
[9.012s] gmake: *** [Makefile:146: all] Error 2
[9.015s] Invoked command in '/home/robogames/vt-cro/robogames_pi/car_robot_ws/build/articubot_one' returned '2': CMAKE_PREFIX_PATH=/opt/ros/jazzy:${CMAKE_PREFIX_PATH} DEBUGINFOD_URLS=https://debuginfod.ubuntu.com /usr/bin/cmake --build /home/robogames/vt-cro/robogames_pi/car_robot_ws/build/articubot_one -- -j4 -l4
