[0.058s] Invoking command in '/home/robogames/vt-cro/robogames_pi/car_robot_ws/build/articubot_one': CMAKE_PREFIX_PATH=/opt/ros/jazzy:${CMAKE_PREFIX_PATH} DEBUGINFOD_URLS=https://debuginfod.ubuntu.com /usr/bin/cmake --build /home/robogames/vt-cro/robogames_pi/car_robot_ws/build/articubot_one -- -j4 -l4
[0.219s] [ 20%] Built target joy_serial
[0.228s] [ 40%] Built target depth_processing_node
[0.230s] [ 60%] Built target color_detection_node
[0.234s] [ 80%] Built target depth_to_laserscan
[0.319s] [ 90%] [32mBuilding CXX object CMakeFiles/main_bt_node.dir/src/main_bt_node.cpp.o[0m
[4.504s] [01m[K/home/robogames/vt-cro/robogames_pi/car_robot_ws/src/articubot_one/src/main_bt_node.cpp:[m[K In function â€˜[01m[Kint[01;32m[K main[m[K(int, char**)[m[Kâ€™:
[4.504s] [01m[K/home/robogames/vt-cro/robogames_pi/car_robot_ws/src/articubot_one/src/main_bt_node.cpp:38:28:[m[K [01;31m[Kerror: [m[Kâ€˜[01m[KRecoveryNode[m[Kâ€™ was not declared in this scope; did you mean â€˜[01m[KRecoverNode[m[Kâ€™?
[4.505s]    38 |   factory.registerNodeType<[01;31m[KRecoveryNode[m[K>("RecoveryNode");
[4.505s]       |                            [01;31m[K^~~~~~~~~~~~[m[K
[4.505s]       |                            [32m[KRecoverNode[m[K
[4.505s] [01m[K/home/robogames/vt-cro/robogames_pi/car_robot_ws/src/articubot_one/src/main_bt_node.cpp:38:41:[m[K [01;31m[Kerror: [m[Kno matching function for call to â€˜[01m[KBT::BehaviorTreeFactory::registerNodeType<<expression error> >(const char [13])[m[Kâ€™
[4.505s]    38 |   [01;31m[Kfactory.registerNodeType<RecoveryNode>("RecoveryNode")[m[K;
[4.505s]       |   [01;31m[K~~~~~~~~~~~~~~~~~~~~~~~~~~~~~~~~~~~~~~^~~~~~~~~~~~~~~~[m[K
[4.505s] In file included from [01m[K/home/robogames/vt-cro/robogames_pi/car_robot_ws/src/articubot_one/src/main_bt_node.cpp:6[m[K:
[4.505s] [01m[K/opt/ros/jazzy/include/behaviortree_cpp_v3/bt_factory.h:364:8:[m[K [01;36m[Knote: [m[Kcandidate: â€˜[01m[Ktemplate<class T> void BT::BehaviorTreeFactory::[01;32m[KregisterNodeType[m[K(const std::string&)[m[Kâ€™
[4.505s]   364 |   void [01;36m[KregisterNodeType[m[K(const std::string& ID)
[4.505s]       |        [01;36m[K^~~~~~~~~~~~~~~~[m[K
[4.506s] [01m[K/opt/ros/jazzy/include/behaviortree_cpp_v3/bt_factory.h:364:8:[m[K [01;36m[Knote: [m[K  template argument deduction/substitution failed:
[4.506s] [01m[K/home/robogames/vt-cro/robogames_pi/car_robot_ws/src/articubot_one/src/main_bt_node.cpp:38:41:[m[K [01;31m[Kerror: [m[Ktemplate argument 1 is invalid
[4.506s]    38 |   [01;31m[Kfactory.registerNodeType<RecoveryNode>("RecoveryNode")[m[K;
[4.506s]       |   [01;31m[K~~~~~~~~~~~~~~~~~~~~~~~~~~~~~~~~~~~~~~^~~~~~~~~~~~~~~~[m[K
[4.506s] [01m[K/opt/ros/jazzy/include/behaviortree_cpp_v3/bt_factory.h:422:8:[m[K [01;36m[Knote: [m[Kcandidate: â€˜[01m[Ktemplate<class T> void BT::BehaviorTreeFactory::[01;32m[KregisterNodeType[m[K(const std::string&, BT::PortsList)[m[Kâ€™
[4.506s]   422 |   void [01;36m[KregisterNodeType[m[K(const std::string& ID, PortsList ports)
[4.506s]       |        [01;36m[K^~~~~~~~~~~~~~~~[m[K
[4.506s] [01m[K/opt/ros/jazzy/include/behaviortree_cpp_v3/bt_factory.h:422:8:[m[K [01;36m[Knote: [m[K  candidate expects 2 arguments, 1 provided
[8.973s] gmake[2]: *** [CMakeFiles/main_bt_node.dir/build.make:76: CMakeFiles/main_bt_node.dir/src/main_bt_node.cpp.o] Error 1
[8.974s] gmake[1]: *** [CMakeFiles/Makefile2:249: CMakeFiles/main_bt_node.dir/all] Error 2
[8.974s] gmake: *** [Makefile:146: all] Error 2
[8.978s] Invoked command in '/home/robogames/vt-cro/robogames_pi/car_robot_ws/build/articubot_one' returned '2': CMAKE_PREFIX_PATH=/opt/ros/jazzy:${CMAKE_PREFIX_PATH} DEBUGINFOD_URLS=https://debuginfod.ubuntu.com /usr/bin/cmake --build /home/robogames/vt-cro/robogames_pi/car_robot_ws/build/articubot_one -- -j4 -l4
