[0.072s] Invoking command in '/home/robogames/vt-cro/robogames_pi/car_robot_ws/build/articubot_one': CMAKE_PREFIX_PATH=/opt/ros/jazzy:${CMAKE_PREFIX_PATH} DEBUGINFOD_URLS=https://debuginfod.ubuntu.com /usr/bin/cmake --build /home/robogames/vt-cro/robogames_pi/car_robot_ws/build/articubot_one -- -j4 -l4
[0.238s] [ 20%] Built target color_detection_node
[0.260s] [ 40%] Built target joy_serial
[0.260s] [ 60%] Built target depth_to_laserscan
[0.264s] [ 80%] Built target depth_processing_node
[0.335s] [ 90%] [32mBuilding CXX object CMakeFiles/main_bt_node.dir/src/main_bt_node.cpp.o[0m
[4.194s] In file included from [01m[K/home/robogames/vt-cro/robogames_pi/car_robot_ws/src/articubot_one/src/main_bt_node.cpp:10[m[K:
[4.194s] [01m[K/home/robogames/vt-cro/robogames_pi/car_robot_ws/src/articubot_one/src/check_controller_alive_node.hpp:7:1:[m[K [01;31m[Kerror: [m[Kâ€˜[01m[KTIME_TO_WAIT_FOR_SERVICE_SECONDS[m[Kâ€™ does not name a type
[4.194s]     7 | [01;31m[KTIME_TO_WAIT_FOR_SERVICE_SECONDS[m[K = 3;
[4.194s]       | [01;31m[K^~~~~~~~~~~~~~~~~~~~~~~~~~~~~~~~[m[K
[4.243s] [01m[K/home/robogames/vt-cro/robogames_pi/car_robot_ws/src/articubot_one/src/check_controller_alive_node.hpp:[m[K In member function â€˜[01m[Kvirtual BT::NodeStatus CheckControllerAlive::[01;32m[Ktick[m[K()[m[Kâ€™:
[4.243s] [01m[K/home/robogames/vt-cro/robogames_pi/car_robot_ws/src/articubot_one/src/check_controller_alive_node.hpp:33:57:[m[K [01;31m[Kerror: [m[Kâ€˜[01m[KTIME_TO_WAIT_FOR_SERVICE_SECONDS[m[Kâ€™ was not declared in this scope
[4.243s]    33 |     if (!client_->wait_for_service(std::chrono::seconds([01;31m[KTIME_TO_WAIT_FOR_SERVICE_SECONDS[m[K))){
[4.243s]       |                                                         [01;31m[K^~~~~~~~~~~~~~~~~~~~~~~~~~~~~~~~[m[K
[9.307s] gmake[2]: *** [CMakeFiles/main_bt_node.dir/build.make:76: CMakeFiles/main_bt_node.dir/src/main_bt_node.cpp.o] Error 1
[9.308s] gmake[1]: *** [CMakeFiles/Makefile2:249: CMakeFiles/main_bt_node.dir/all] Error 2
[9.308s] gmake: *** [Makefile:146: all] Error 2
[9.311s] Invoked command in '/home/robogames/vt-cro/robogames_pi/car_robot_ws/build/articubot_one' returned '2': CMAKE_PREFIX_PATH=/opt/ros/jazzy:${CMAKE_PREFIX_PATH} DEBUGINFOD_URLS=https://debuginfod.ubuntu.com /usr/bin/cmake --build /home/robogames/vt-cro/robogames_pi/car_robot_ws/build/articubot_one -- -j4 -l4
