[0.058s] Invoking command in '/home/robogames/vt-cro/robogames_pi/car_robot_ws/build/articubot_one': CMAKE_PREFIX_PATH=/opt/ros/jazzy:${CMAKE_PREFIX_PATH} DEBUGINFOD_URLS=https://debuginfod.ubuntu.com /usr/bin/cmake --build /home/robogames/vt-cro/robogames_pi/car_robot_ws/build/articubot_one -- -j4 -l4
[0.116s] -- Found ament_cmake: 2.5.3 (/opt/ros/jazzy/share/ament_cmake/cmake)
[0.512s] -- Found serial: 1.2.1 (/home/robogames/vt-cro/robogames_pi/car_robot_ws/install/serial/share/serial/cmake)
[0.514s] -- Found rclcpp: 28.1.6 (/opt/ros/jazzy/share/rclcpp/cmake)
[0.553s] -- Found rosidl_generator_c: 4.6.5 (/opt/ros/jazzy/share/rosidl_generator_c/cmake)
[0.566s] -- Found rosidl_generator_cpp: 4.6.5 (/opt/ros/jazzy/share/rosidl_generator_cpp/cmake)
[0.582s] -- Using all available rosidl_typesupport_c: rosidl_typesupport_fastrtps_c;rosidl_typesupport_introspection_c
[0.601s] -- Using all available rosidl_typesupport_cpp: rosidl_typesupport_fastrtps_cpp;rosidl_typesupport_introspection_cpp
[0.682s] -- Found rmw_implementation_cmake: 7.3.1 (/opt/ros/jazzy/share/rmw_implementation_cmake/cmake)
[0.684s] -- Found rmw_fastrtps_cpp: 8.4.1 (/opt/ros/jazzy/share/rmw_fastrtps_cpp/cmake)
[0.781s] -- Using RMW implementation 'rmw_fastrtps_cpp' as default
[0.865s] -- Found sensor_msgs: 5.3.5 (/opt/ros/jazzy/share/sensor_msgs/cmake)
[0.947s] -- Found cv_bridge: 4.1.0 (/opt/ros/jazzy/share/cv_bridge/cmake)
[0.951s] -- Found image_geometry: 4.1.0 (/opt/ros/jazzy/share/image_geometry/cmake)
[0.955s] -- Found controller_manager_msgs: 4.27.0 (/opt/ros/jazzy/share/controller_manager_msgs/cmake)
[1.015s] -- Found rclcpp_action: 28.1.6 (/opt/ros/jazzy/share/rclcpp_action/cmake)
[1.070s] -- Found nav2_msgs: 1.3.5 (/opt/ros/jazzy/share/nav2_msgs/cmake)
[1.245s] -- Found ament_lint_auto: 0.17.1 (/opt/ros/jazzy/share/ament_lint_auto/cmake)
[1.419s] -- Added test 'copyright' to check source files copyright and LICENSE
[1.423s] -- Added test 'cppcheck' to perform static code analysis on C / C++ code
[1.424s] -- Configured cppcheck include dirs: 
[1.424s] -- Configured cppcheck exclude dirs and/or files: 
[1.428s] -- Added test 'cpplint' to check C / C++ code against the Google style
[1.428s] -- Configured cpplint exclude dirs and/or files: 
[1.428s] -- Added test 'flake8' to check Python code syntax and style conventions
[1.429s] -- Configured 'flake8' exclude dirs and/or files: 
[1.430s] -- Added test 'lint_cmake' to check CMake code style
[1.430s] -- Added test 'pep257' to check Python code against some of the docstring style conventions in PEP 257
[1.434s] -- Added test 'uncrustify' to check C / C++ code style
[1.434s] -- Configured uncrustify additional arguments: 
[1.435s] -- Added test 'xmllint' to check XML markup files
[1.436s] -- Configuring done (1.3s)
[1.520s] -- Generating done (0.1s)
[1.554s] -- Build files have been written to: /home/robogames/vt-cro/robogames_pi/car_robot_ws/build/articubot_one
[1.660s] [ 20%] Built target joy_serial
[1.671s] [ 40%] Built target depth_to_laserscan
[1.674s] [ 60%] Built target depth_processing_node
[1.677s] [ 80%] Built target color_detection_node
[1.725s] [ 90%] [32mBuilding CXX object CMakeFiles/main_bt_node.dir/src/main_bt_node.cpp.o[0m
[5.899s] In file included from [01m[K/home/robogames/vt-cro/robogames_pi/car_robot_ws/src/articubot_one/src/main_bt_node.cpp:17[m[K:
[5.899s] [01m[K/home/robogames/vt-cro/robogames_pi/car_robot_ws/src/articubot_one/src/cone_recovery_node.cpp:46:5:[m[K [01;31m[Kerror: [m[Kredefinition of â€˜[01m[Kint[01;32m[K main[m[K(int, char**)[m[Kâ€™
[5.899s]    46 | int [01;31m[Kmain[m[K(int argc, char **argv) {
[5.900s]       |     [01;31m[K^~~~[m[K
[5.900s] In file included from [01m[K/home/robogames/vt-cro/robogames_pi/car_robot_ws/src/articubot_one/src/main_bt_node.cpp:16[m[K:
[5.900s] [01m[K/home/robogames/vt-cro/robogames_pi/car_robot_ws/src/articubot_one/src/cone_navigator_node.cpp:68:5:[m[K [01;36m[Knote: [m[Kâ€˜[01m[Kint[01;32m[K main[m[K(int, char**)[m[Kâ€™ previously defined here
[5.900s]    68 | int [01;36m[Kmain[m[K(int argc, char **argv)
[5.900s]       |     [01;36m[K^~~~[m[K
[5.902s] [01m[K/home/robogames/vt-cro/robogames_pi/car_robot_ws/src/articubot_one/src/main_bt_node.cpp:21:5:[m[K [01;31m[Kerror: [m[Kredefinition of â€˜[01m[Kint[01;32m[K main[m[K(int, char**)[m[Kâ€™
[5.903s]    21 | int [01;31m[Kmain[m[K(int argc, char **argv)
[5.903s]       |     [01;31m[K^~~~[m[K
[5.903s] [01m[K/home/robogames/vt-cro/robogames_pi/car_robot_ws/src/articubot_one/src/cone_navigator_node.cpp:68:5:[m[K [01;36m[Knote: [m[Kâ€˜[01m[Kint[01;32m[K main[m[K(int, char**)[m[Kâ€™ previously defined here
[5.903s]    68 | int [01;36m[Kmain[m[K(int argc, char **argv)
[5.903s]       |     [01;36m[K^~~~[m[K
[6.214s] In file included from [01m[K/home/robogames/vt-cro/robogames_pi/car_robot_ws/src/articubot_one/src/main_bt_node.cpp:6[m[K:
[6.214s] /opt/ros/jazzy/include/behaviortree_cpp_v3/bt_factory.h: In instantiation of â€˜[01m[Kvoid BT::BehaviorTreeFactory::[01;32m[KregisterNodeType[m[K(const std::string&) [35m[K[with T = ConeNavigator; std::string = std::__cxx11::basic_string<char>][m[K[m[Kâ€™:
[6.214s] [01m[K/home/robogames/vt-cro/robogames_pi/car_robot_ws/src/articubot_one/src/main_bt_node.cpp:41:42:[m[K   required from here
[6.215s] [01m[K/opt/ros/jazzy/include/behaviortree_cpp_v3/bt_factory.h:368:64:[m[K [01;31m[Kerror: [m[Kstatic assertion failed: [registerNode]: accepts only classed derived from either ActionNodeBase, DecoratorNode, ControlNode or ConditionNode
[6.215s]   366 |     static_assert(std::is_base_of<ActionNodeBase, T>::[01;31m[Kvalue ||[m[K
[6.215s]       |                                                       [01;31m[K~~~~~~~~[m[K  
[6.215s]   367 | [01;31m[K                      std::is_base_of<ControlNode, T>::value ||[m[K
[6.215s]       |                       [01;31m[K~~~~~~~~~~~~~~~~~~~~~~~~~~~~~~~~~~~~~~~~~[m[K 
[6.215s]   368 | [01;31m[K                      std::is_base_of<DecoratorNode, T>::value ||[m[K
[6.215s]       |                       [01;31m[K~~~~~~~~~~~~~~~~~~~~~~~~~~~~~~~~~~~~~~~~~^~[m[K
[6.215s]   369 | [01;31m[K                      std::is_base_of<ConditionNode, T>::value[m[K,
[6.216s]       |                       [01;31m[K~~~~~~~~~~~~~~~~~~~~~~~~~~~~~~~~~~~~~~~~[m[K  
[6.216s] [01m[K/opt/ros/jazzy/include/behaviortree_cpp_v3/bt_factory.h:368:64:[m[K [01;36m[Knote: [m[Kâ€˜[01m[K(((((bool)std::integral_constant<bool, false>::value) || ((bool)std::integral_constant<bool, false>::value)) || ((bool)std::integral_constant<bool, false>::value)) || ((bool)std::integral_constant<bool, false>::value))[m[Kâ€™ evaluates to false
[6.216s] [01m[K/opt/ros/jazzy/include/behaviortree_cpp_v3/bt_factory.h:385:41:[m[K [01;31m[Kerror: [m[Kstatic assertion failed: [registerNode]: the registered class must have at least one of these two constructors:   (const std::string&, const NodeConfiguration&) or (const std::string&).
[6.216s] Check also if the constructor is public!
[6.216s]   385 |     static_assert([01;31m[Kdefault_constructable || param_constructable[m[K, "[registerNode]: the "
[6.216s]       |                   [01;31m[K~~~~~~~~~~~~~~~~~~~~~~^~~~~~~~~~~~~~~~~~~~~~[m[K
[6.216s] [01m[K/opt/ros/jazzy/include/behaviortree_cpp_v3/bt_factory.h:385:41:[m[K [01;36m[Knote: [m[Kâ€˜[01m[K(((bool)default_constructable) || ((bool)param_constructable))[m[Kâ€™ evaluates to false
[6.216s] [01m[K/opt/ros/jazzy/include/behaviortree_cpp_v3/bt_factory.h:418:60:[m[K [01;31m[Kerror: [m[Kno matching function for call to â€˜[01m[KCreateBuilder<ConeNavigator>()[m[Kâ€™
[6.216s]   418 |     registerBuilder(CreateManifest<T>(ID), [01;31m[KCreateBuilder<T>()[m[K);
[6.216s]       |                                            [01;31m[K~~~~~~~~~~~~~~~~^~[m[K
[6.216s] [01m[K/opt/ros/jazzy/include/behaviortree_cpp_v3/bt_factory.h:43:1:[m[K [01;36m[Knote: [m[Kcandidate: â€˜[01m[Ktemplate<class T> BT::NodeBuilder BT::[01;32m[KCreateBuilder[m[K(typename std::enable_if<(std::is_constructible<T, const std::__cxx11::basic_string<char, std::char_traits<char>, std::allocator<char> >&>::value && std::is_constructible<T, const std::__cxx11::basic_string<char, std::char_traits<char>, std::allocator<char> >&, const NodeConfiguration&>::value)>::type*)[m[Kâ€™
[6.216s]    43 | [01;36m[KCreateBuilder[m[K(typename std::enable_if<has_default_constructor<T>::value &&
[6.217s]       | [01;36m[K^~~~~~~~~~~~~[m[K
[6.217s] [01m[K/opt/ros/jazzy/include/behaviortree_cpp_v3/bt_factory.h:43:1:[m[K [01;36m[Knote: [m[K  template argument deduction/substitution failed:
[6.217s] /opt/ros/jazzy/include/behaviortree_cpp_v3/bt_factory.h: In substitution of â€˜[01m[Ktemplate<class T> BT::NodeBuilder BT::[01;32m[KCreateBuilder[m[K(typename std::enable_if<(std::is_constructible<T, const std::__cxx11::basic_string<char, std::char_traits<char>, std::allocator<char> >&>::value && std::is_constructible<T, const std::__cxx11::basic_string<char, std::char_traits<char>, std::allocator<char> >&, const NodeConfiguration&>::value)>::type*) [35m[K[with T = ConeNavigator][m[K[m[Kâ€™:
[6.217s] [01m[K/opt/ros/jazzy/include/behaviortree_cpp_v3/bt_factory.h:418:60:[m[K   required from â€˜[01m[Kvoid BT::BehaviorTreeFactory::[01;32m[KregisterNodeType[m[K(const std::string&) [35m[K[with T = ConeNavigator; std::string = std::__cxx11::basic_string<char>][m[K[m[Kâ€™
[6.217s] [01m[K/home/robogames/vt-cro/robogames_pi/car_robot_ws/src/articubot_one/src/main_bt_node.cpp:41:42:[m[K   required from here
[6.217s] [01m[K/opt/ros/jazzy/include/behaviortree_cpp_v3/bt_factory.h:43:1:[m[K [01;31m[Kerror: [m[Kno type named â€˜[01m[Ktype[m[Kâ€™ in â€˜[01m[Kstruct std::enable_if<false, void>[m[Kâ€™
[6.217s] /opt/ros/jazzy/include/behaviortree_cpp_v3/bt_factory.h: In instantiation of â€˜[01m[Kvoid BT::BehaviorTreeFactory::[01;32m[KregisterNodeType[m[K(const std::string&) [35m[K[with T = ConeNavigator; std::string = std::__cxx11::basic_string<char>][m[K[m[Kâ€™:
[6.217s] [01m[K/home/robogames/vt-cro/robogames_pi/car_robot_ws/src/articubot_one/src/main_bt_node.cpp:41:42:[m[K   required from here
[6.217s] [01m[K/opt/ros/jazzy/include/behaviortree_cpp_v3/bt_factory.h:59:1:[m[K [01;36m[Knote: [m[Kcandidate: â€˜[01m[Ktemplate<class T> BT::NodeBuilder BT::[01;32m[KCreateBuilder[m[K(typename std::enable_if<((! std::is_constructible<T, const std::__cxx11::basic_string<char, std::char_traits<char>, std::allocator<char> >&>::value) && std::is_constructible<T, const std::__cxx11::basic_string<char, std::char_traits<char>, std::allocator<char> >&, const NodeConfiguration&>::value)>::type*)[m[Kâ€™
[6.217s]    59 | [01;36m[KCreateBuilder[m[K(typename std::enable_if<!has_default_constructor<T>::value &&
[6.217s]       | [01;36m[K^~~~~~~~~~~~~[m[K
[6.217s] [01m[K/opt/ros/jazzy/include/behaviortree_cpp_v3/bt_factory.h:59:1:[m[K [01;36m[Knote: [m[K  template argument deduction/substitution failed:
[6.218s] /opt/ros/jazzy/include/behaviortree_cpp_v3/bt_factory.h: In substitution of â€˜[01m[Ktemplate<class T> BT::NodeBuilder BT::[01;32m[KCreateBuilder[m[K(typename std::enable_if<((! std::is_constructible<T, const std::__cxx11::basic_string<char, std::char_traits<char>, std::allocator<char> >&>::value) && std::is_constructible<T, const std::__cxx11::basic_string<char, std::char_traits<char>, std::allocator<char> >&, const NodeConfiguration&>::value)>::type*) [35m[K[with T = ConeNavigator][m[K[m[Kâ€™:
[6.218s] [01m[K/opt/ros/jazzy/include/behaviortree_cpp_v3/bt_factory.h:418:60:[m[K   required from â€˜[01m[Kvoid BT::BehaviorTreeFactory::[01;32m[KregisterNodeType[m[K(const std::string&) [35m[K[with T = ConeNavigator; std::string = std::__cxx11::basic_string<char>][m[K[m[Kâ€™
[6.218s] [01m[K/home/robogames/vt-cro/robogames_pi/car_robot_ws/src/articubot_one/src/main_bt_node.cpp:41:42:[m[K   required from here
[6.218s] [01m[K/opt/ros/jazzy/include/behaviortree_cpp_v3/bt_factory.h:59:1:[m[K [01;31m[Kerror: [m[Kno type named â€˜[01m[Ktype[m[Kâ€™ in â€˜[01m[Kstruct std::enable_if<false, void>[m[Kâ€™
[6.218s] /opt/ros/jazzy/include/behaviortree_cpp_v3/bt_factory.h: In instantiation of â€˜[01m[Kvoid BT::BehaviorTreeFactory::[01;32m[KregisterNodeType[m[K(const std::string&) [35m[K[with T = ConeNavigator; std::string = std::__cxx11::basic_string<char>][m[K[m[Kâ€™:
[6.218s] [01m[K/home/robogames/vt-cro/robogames_pi/car_robot_ws/src/articubot_one/src/main_bt_node.cpp:41:42:[m[K   required from here
[6.218s] [01m[K/opt/ros/jazzy/include/behaviortree_cpp_v3/bt_factory.h:69:1:[m[K [01;36m[Knote: [m[Kcandidate: â€˜[01m[Ktemplate<class T> BT::NodeBuilder BT::[01;32m[KCreateBuilder[m[K(typename std::enable_if<(std::is_constructible<T, const std::__cxx11::basic_string<char, std::char_traits<char>, std::allocator<char> >&>::value && (! std::is_constructible<T, const std::__cxx11::basic_string<char, std::char_traits<char>, std::allocator<char> >&, const NodeConfiguration&>::value))>::type*)[m[Kâ€™
[6.218s]    69 | [01;36m[KCreateBuilder[m[K(typename std::enable_if<has_default_constructor<T>::value &&
[6.218s]       | [01;36m[K^~~~~~~~~~~~~[m[K
[6.219s] [01m[K/opt/ros/jazzy/include/behaviortree_cpp_v3/bt_factory.h:69:1:[m[K [01;36m[Knote: [m[K  template argument deduction/substitution failed:
[6.219s] /opt/ros/jazzy/include/behaviortree_cpp_v3/bt_factory.h: In substitution of â€˜[01m[Ktemplate<class T> BT::NodeBuilder BT::[01;32m[KCreateBuilder[m[K(typename std::enable_if<(std::is_constructible<T, const std::__cxx11::basic_string<char, std::char_traits<char>, std::allocator<char> >&>::value && (! std::is_constructible<T, const std::__cxx11::basic_string<char, std::char_traits<char>, std::allocator<char> >&, const NodeConfiguration&>::value))>::type*) [35m[K[with T = ConeNavigator][m[K[m[Kâ€™:
[6.219s] [01m[K/opt/ros/jazzy/include/behaviortree_cpp_v3/bt_factory.h:418:60:[m[K   required from â€˜[01m[Kvoid BT::BehaviorTreeFactory::[01;32m[KregisterNodeType[m[K(const std::string&) [35m[K[with T = ConeNavigator; std::string = std::__cxx11::basic_string<char>][m[K[m[Kâ€™
[6.219s] [01m[K/home/robogames/vt-cro/robogames_pi/car_robot_ws/src/articubot_one/src/main_bt_node.cpp:41:42:[m[K   required from here
[6.219s] [01m[K/opt/ros/jazzy/include/behaviortree_cpp_v3/bt_factory.h:69:1:[m[K [01;31m[Kerror: [m[Kno type named â€˜[01m[Ktype[m[Kâ€™ in â€˜[01m[Kstruct std::enable_if<false, void>[m[Kâ€™
[10.519s] gmake[2]: *** [CMakeFiles/main_bt_node.dir/build.make:76: CMakeFiles/main_bt_node.dir/src/main_bt_node.cpp.o] Error 1
[10.519s] gmake[1]: *** [CMakeFiles/Makefile2:249: CMakeFiles/main_bt_node.dir/all] Error 2
[10.519s] gmake: *** [Makefile:146: all] Error 2
[10.523s] Invoked command in '/home/robogames/vt-cro/robogames_pi/car_robot_ws/build/articubot_one' returned '2': CMAKE_PREFIX_PATH=/opt/ros/jazzy:${CMAKE_PREFIX_PATH} DEBUGINFOD_URLS=https://debuginfod.ubuntu.com /usr/bin/cmake --build /home/robogames/vt-cro/robogames_pi/car_robot_ws/build/articubot_one -- -j4 -l4
