[ 20%] Built target color_detection_node
[ 40%] Built target joy_serial
[ 60%] Built target depth_to_laserscan
[ 80%] Built target depth_processing_node
[ 90%] [32mBuilding CXX object CMakeFiles/main_bt_node.dir/src/main_bt_node.cpp.o[0m
[01m[K/home/robogames/vt-cro/robogames_pi/car_robot_ws/src/articubot_one/src/main_bt_node.cpp:21:5:[m[K [01;31m[Kerror: [m[Kredefinition of â€˜[01m[Kint[01;32m[K main[m[K(int, char**)[m[Kâ€™
   21 | int [01;31m[Kmain[m[K(int argc, char **argv)
      |     [01;31m[K^~~~[m[K
In file included from [01m[K/home/robogames/vt-cro/robogames_pi/car_robot_ws/src/articubot_one/src/main_bt_node.cpp:17[m[K:
[01m[K/home/robogames/vt-cro/robogames_pi/car_robot_ws/src/articubot_one/src/cone_recovery_node.hpp:46:5:[m[K [01;36m[Knote: [m[Kâ€˜[01m[Kint[01;32m[K main[m[K(int, char**)[m[Kâ€™ previously defined here
   46 | int [01;36m[Kmain[m[K(int argc, char **argv) {
      |     [01;36m[K^~~~[m[K
gmake[2]: *** [CMakeFiles/main_bt_node.dir/build.make:76: CMakeFiles/main_bt_node.dir/src/main_bt_node.cpp.o] Error 1
gmake[1]: *** [CMakeFiles/Makefile2:249: CMakeFiles/main_bt_node.dir/all] Error 2
gmake: *** [Makefile:146: all] Error 2
