[0.158s] Invoking command in '/home/robogames/vt-cro/robogames_pi/car_robot_ws/build/articubot_one': CMAKE_PREFIX_PATH=/home/robogames/vt-cro/robogames_pi/car_robot_ws/install/yolov8_msgs:/home/robogames/vt-cro/robogames_pi/car_robot_ws/install/yolobot_recognition:/opt/ros/jazzy:/home/robogames/vt-cro/robogames_pi/car_robot_ws/install/serial:/home/robogames/vt-cro/robogames_pi/car_robot_ws/install/diffdrive_arduino:/home/robogames/vt-cro/robogames_pi/car_robot_ws/install/articubot_one:/opt/ros/jazzy/opt/gz_sim_vendor:/opt/ros/jazzy/opt/gz_sensors_vendor:/opt/ros/jazzy/opt/gz_physics_vendor:/opt/ros/jazzy/opt/sdformat_vendor:/opt/ros/jazzy/opt/gz_gui_vendor:/opt/ros/jazzy/opt/gz_transport_vendor:/opt/ros/jazzy/opt/gz_rendering_vendor:/opt/ros/jazzy/opt/gz_plugin_vendor:/opt/ros/jazzy/opt/gz_fuel_tools_vendor:/opt/ros/jazzy/opt/gz_msgs_vendor:/opt/ros/jazzy/opt/gz_common_vendor:/opt/ros/jazzy/opt/gz_math_vendor:/opt/ros/jazzy/opt/gz_utils_vendor:/opt/ros/jazzy/opt/gz_tools_vendor:/opt/ros/jazzy/opt/gz_ogre_next_vendor:/opt/ros/jazzy/opt/gz_dartsim_vendor:/opt/ros/jazzy/opt/gz_cmake_vendor DEBUGINFOD_URLS=https://debuginfod.ubuntu.com PS1=(ros2_python_venv) \[\e]0;\u@\h: \w\a\]${debian_chroot:+($debian_chroot)}\u@\h:\w\$ VIRTUAL_ENV_PROMPT=(ros2_python_venv) /usr/bin/cmake --build /home/robogames/vt-cro/robogames_pi/car_robot_ws/build/articubot_one -- -j4 -l4
[0.321s] -- Found ament_cmake: 2.5.3 (/opt/ros/jazzy/share/ament_cmake/cmake)
[2.012s] -- Override CMake install command with custom implementation using symlinks instead of copying resources
[2.070s] -- Found serial: 1.2.1 (/home/robogames/vt-cro/robogames_pi/car_robot_ws/install/serial/share/serial/cmake)
[2.075s] -- Found rclcpp: 28.1.6 (/opt/ros/jazzy/share/rclcpp/cmake)
[2.286s] -- Found rosidl_generator_c: 4.6.5 (/opt/ros/jazzy/share/rosidl_generator_c/cmake)
[2.326s] -- Found rosidl_generator_cpp: 4.6.5 (/opt/ros/jazzy/share/rosidl_generator_cpp/cmake)
[2.373s] -- Using all available rosidl_typesupport_c: rosidl_typesupport_fastrtps_c;rosidl_typesupport_introspection_c
[2.424s] -- Using all available rosidl_typesupport_cpp: rosidl_typesupport_fastrtps_cpp;rosidl_typesupport_introspection_cpp
[2.647s] -- Found rmw_implementation_cmake: 7.3.1 (/opt/ros/jazzy/share/rmw_implementation_cmake/cmake)
[2.657s] -- Found rmw_fastrtps_cpp: 8.4.1 (/opt/ros/jazzy/share/rmw_fastrtps_cpp/cmake)
[3.011s] -- Using RMW implementation 'rmw_fastrtps_cpp' as default
[3.310s] -- Found sensor_msgs: 5.3.5 (/opt/ros/jazzy/share/sensor_msgs/cmake)
[3.532s] -- Found cv_bridge: 4.1.0 (/opt/ros/jazzy/share/cv_bridge/cmake)
[3.542s] -- Found image_geometry: 4.1.0 (/opt/ros/jazzy/share/image_geometry/cmake)
[3.558s] -- Found controller_manager_msgs: 4.27.0 (/opt/ros/jazzy/share/controller_manager_msgs/cmake)
[3.731s] -- Found rclcpp_action: 28.1.6 (/opt/ros/jazzy/share/rclcpp_action/cmake)
[3.937s] -- Found nav2_msgs: 1.3.5 (/opt/ros/jazzy/share/nav2_msgs/cmake)
[4.279s] -- Found nav2_util: 1.3.5 (/opt/ros/jazzy/share/nav2_util/cmake)
[4.597s] -- Found eigen3_cmake_module: 0.3.0 (/opt/ros/jazzy/share/eigen3_cmake_module/cmake)
[4.609s] -- Ensuring Eigen3 include directory is part of orocos-kdl CMake target
[4.995s] -- Found image_transport: 5.1.5 (/opt/ros/jazzy/share/image_transport/cmake)
[5.501s] -- Configuring done (5.2s)
[5.771s] -- Generating done (0.2s)
[6.000s] -- Build files have been written to: /home/robogames/vt-cro/robogames_pi/car_robot_ws/build/articubot_one
[6.419s] [ 14%] Built target color_detection_node
[6.645s] [ 28%] Built target navigate_ramp
[7.063s] [ 42%] Built target navigate_red_buckets
[7.269s] [ 57%] Built target navigate_yellow_buckets
[7.430s] [ 64%] [32mBuilding CXX object CMakeFiles/obstacle_approach_node.dir/src/obstacle_approach_node.cpp.o[0m
[8.291s] [01m[K/home/robogames/vt-cro/robogames_pi/car_robot_ws/src/articubot_one/src/obstacle_approach_node.cpp:61:35:[m[K [01;31m[Kerror: [m[Kstray â€˜[01m[K#[m[Kâ€™ in program
[8.294s]    61 |         joy_msg.axes = [0.0] * 8  [01;31m[K#[m[K Initialize axes array (8 elements for axes[0] to axes[9])
[8.298s]       |                                   [01;31m[K^[m[K
[15.652s] [01m[K/home/robogames/vt-cro/robogames_pi/car_robot_ws/src/articubot_one/src/obstacle_approach_node.cpp:120:38:[m[K [01;31m[Kerror: [m[Kâ€˜[01m[KBool[m[Kâ€™ is not a member of â€˜[01m[Kstd_msgs::msg[m[Kâ€™
[15.654s]   120 |     rclcpp::Publisher<std_msgs::msg::[01;31m[KBool[m[K>::SharedPtr result_pub_;
[15.654s]       |                                      [01;31m[K^~~~[m[K
[15.655s] [01m[K/home/robogames/vt-cro/robogames_pi/car_robot_ws/src/articubot_one/src/obstacle_approach_node.cpp:120:42:[m[K [01;31m[Kerror: [m[Ktemplate argument 1 is invalid
[15.657s]   120 |     rclcpp::Publisher<std_msgs::msg::Bool[01;31m[K>[m[K::SharedPtr result_pub_;
[15.657s]       |                                          [01;31m[K^[m[K
[15.659s] [01m[K/home/robogames/vt-cro/robogames_pi/car_robot_ws/src/articubot_one/src/obstacle_approach_node.cpp:120:45:[m[K [01;31m[Kerror: [m[Kexpected â€˜[01m[K;[m[Kâ€™ at end of member declaration
[15.665s]   120 |     rclcpp::Publisher<std_msgs::msg::Bool>::[01;31m[KSharedPtr[m[K result_pub_;
[15.665s]       |                                             [01;31m[K^~~~~~~~~[m[K
[15.666s]       |                                                      [32m[K;[m[K
[15.673s] [01m[K/home/robogames/vt-cro/robogames_pi/car_robot_ws/src/articubot_one/src/obstacle_approach_node.cpp:120:55:[m[K [01;31m[Kerror: [m[Kâ€˜[01m[Kresult_pub_[m[Kâ€™ does not name a type
[15.675s]   120 |     rclcpp::Publisher<std_msgs::msg::Bool>::SharedPtr [01;31m[Kresult_pub_[m[K;
[15.675s]       |                                                       [01;31m[K^~~~~~~~~~~[m[K
[15.754s] [01m[K/home/robogames/vt-cro/robogames_pi/car_robot_ws/src/articubot_one/src/obstacle_approach_node.cpp:[m[K In constructor â€˜[01m[KObstacleApproachNode::[01;32m[KObstacleApproachNode[m[K()[m[Kâ€™:
[15.754s] [01m[K/home/robogames/vt-cro/robogames_pi/car_robot_ws/src/articubot_one/src/obstacle_approach_node.cpp:20:9:[m[K [01;31m[Kerror: [m[Kâ€˜[01m[Kresult_pub_[m[Kâ€™ was not declared in this scope
[15.755s]    20 |         [01;31m[Kresult_pub_[m[K = this->create_publisher<std_msgs::msg::Bool>("/obstacle_approach_done", 10);
[15.755s]       |         [01;31m[K^~~~~~~~~~~[m[K
[15.757s] [01m[K/home/robogames/vt-cro/robogames_pi/car_robot_ws/src/articubot_one/src/obstacle_approach_node.cpp:20:61:[m[K [01;31m[Kerror: [m[Kâ€˜[01m[KBool[m[Kâ€™ is not a member of â€˜[01m[Kstd_msgs::msg[m[Kâ€™
[15.759s]    20 |         result_pub_ = this->create_publisher<std_msgs::msg::[01;31m[KBool[m[K>("/obstacle_approach_done", 10);
[15.759s]       |                                                             [01;31m[K^~~~[m[K
[15.759s] [01m[K/home/robogames/vt-cro/robogames_pi/car_robot_ws/src/articubot_one/src/obstacle_approach_node.cpp:20:66:[m[K [01;31m[Kerror: [m[Kno matching function for call to â€˜[01m[KObstacleApproachNode::create_publisher<<expression error> >(const char [24], int)[m[Kâ€™
[15.759s]    20 |         result_pub_ = [01;31m[Kthis->create_publisher<std_msgs::msg::Bool>("/obstacle_approach_done", 10)[m[K;
[15.760s]       |                       [01;31m[K~~~~~~~~~~~~~~~~~~~~~~~~~~~~~~~~~~~~~~~~~~~^~~~~~~~~~~~~~~~~~~~~~~~~~~~~~~[m[K
[15.760s] In file included from [01m[K/opt/ros/jazzy/include/rclcpp/rclcpp/node.hpp:1663[m[K,
[15.764s]                  from [01m[K/opt/ros/jazzy/include/rclcpp/rclcpp/executors/single_threaded_executor.hpp:28[m[K,
[15.764s]                  from [01m[K/opt/ros/jazzy/include/rclcpp/rclcpp/executors.hpp:22[m[K,
[15.764s]                  from [01m[K/opt/ros/jazzy/include/rclcpp/rclcpp/rclcpp.hpp:172[m[K,
[15.764s]                  from [01m[K/home/robogames/vt-cro/robogames_pi/car_robot_ws/src/articubot_one/src/obstacle_approach_node.cpp:1[m[K:
[15.764s] [01m[K/opt/ros/jazzy/include/rclcpp/rclcpp/node_impl.hpp:73:1:[m[K [01;36m[Knote: [m[Kcandidate: â€˜[01m[Ktemplate<class MessageT, class AllocatorT, class PublisherT> std::shared_ptr<PublisherT> rclcpp::Node::[01;32m[Kcreate_publisher[m[K(const std::string&, const rclcpp::QoS&, const rclcpp::PublisherOptionsWithAllocator<AllocatorT>&)[m[Kâ€™
[15.764s]    73 | [01;36m[KNode[m[K::create_publisher(
[15.765s]       | [01;36m[K^~~~[m[K
[15.765s] [01m[K/opt/ros/jazzy/include/rclcpp/rclcpp/node_impl.hpp:73:1:[m[K [01;36m[Knote: [m[K  template argument deduction/substitution failed:
[15.765s] [01m[K/home/robogames/vt-cro/robogames_pi/car_robot_ws/src/articubot_one/src/obstacle_approach_node.cpp:20:66:[m[K [01;31m[Kerror: [m[Ktemplate argument 1 is invalid
[15.765s]    20 |         result_pub_ = [01;31m[Kthis->create_publisher<std_msgs::msg::Bool>("/obstacle_approach_done", 10)[m[K;
[15.765s]       |                       [01;31m[K~~~~~~~~~~~~~~~~~~~~~~~~~~~~~~~~~~~~~~~~~~~^~~~~~~~~~~~~~~~~~~~~~~~~~~~~~~[m[K
[15.812s] [01m[K/home/robogames/vt-cro/robogames_pi/car_robot_ws/src/articubot_one/src/obstacle_approach_node.cpp:[m[K In member function â€˜[01m[Kvoid ObstacleApproachNode::[01;32m[KmaybeDrive[m[K()[m[Kâ€™:
[15.815s] [01m[K/home/robogames/vt-cro/robogames_pi/car_robot_ws/src/articubot_one/src/obstacle_approach_node.cpp:59:9:[m[K [01;31m[Kerror: [m[Kâ€˜[01m[Kjoy_msg[m[Kâ€™ was not declared in this scope
[15.816s]    59 |         [01;31m[Kjoy_msg[m[K = Joy()
[15.816s]       |         [01;31m[K^~~~~~~[m[K
[15.845s] [01m[K/home/robogames/vt-cro/robogames_pi/car_robot_ws/src/articubot_one/src/obstacle_approach_node.cpp:59:19:[m[K [01;31m[Kerror: [m[Kâ€˜[01m[KJoy[m[Kâ€™ was not declared in this scope
[15.846s]    59 |         joy_msg = [01;31m[KJoy[m[K()
[15.846s]       |                   [01;31m[K^~~[m[K
[15.853s] [01m[K/home/robogames/vt-cro/robogames_pi/car_robot_ws/src/articubot_one/src/obstacle_approach_node.cpp:83:28:[m[K [01;31m[Kerror: [m[Kâ€˜[01m[KBool[m[Kâ€™ is not a member of â€˜[01m[Kstd_msgs::msg[m[Kâ€™
[15.858s]    83 |             std_msgs::msg::[01;31m[KBool[m[K result;
[15.858s]       |                            [01;31m[K^~~~[m[K
[15.891s] [01m[K/home/robogames/vt-cro/robogames_pi/car_robot_ws/src/articubot_one/src/obstacle_approach_node.cpp:84:13:[m[K [01;31m[Kerror: [m[Kâ€˜[01m[Kresult[m[Kâ€™ was not declared in this scope
[15.891s]    84 |             [01;31m[Kresult[m[K.data = true;
[15.891s]       |             [01;31m[K^~~~~~[m[K
[15.928s] [01m[K/home/robogames/vt-cro/robogames_pi/car_robot_ws/src/articubot_one/src/obstacle_approach_node.cpp:85:13:[m[K [01;31m[Kerror: [m[Kâ€˜[01m[Kresult_pub_[m[Kâ€™ was not declared in this scope
[15.928s]    85 |             [01;31m[Kresult_pub_[m[K->publish(result);
[15.931s]       |             [01;31m[K^~~~~~~~~~~[m[K
[25.404s] gmake[2]: *** [CMakeFiles/obstacle_approach_node.dir/build.make:76: CMakeFiles/obstacle_approach_node.dir/src/obstacle_approach_node.cpp.o] Error 1
[25.406s] gmake[1]: *** [CMakeFiles/Makefile2:305: CMakeFiles/obstacle_approach_node.dir/all] Error 2
[25.406s] gmake: *** [Makefile:146: all] Error 2
[25.414s] Invoked command in '/home/robogames/vt-cro/robogames_pi/car_robot_ws/build/articubot_one' returned '2': CMAKE_PREFIX_PATH=/home/robogames/vt-cro/robogames_pi/car_robot_ws/install/yolov8_msgs:/home/robogames/vt-cro/robogames_pi/car_robot_ws/install/yolobot_recognition:/opt/ros/jazzy:/home/robogames/vt-cro/robogames_pi/car_robot_ws/install/serial:/home/robogames/vt-cro/robogames_pi/car_robot_ws/install/diffdrive_arduino:/home/robogames/vt-cro/robogames_pi/car_robot_ws/install/articubot_one:/opt/ros/jazzy/opt/gz_sim_vendor:/opt/ros/jazzy/opt/gz_sensors_vendor:/opt/ros/jazzy/opt/gz_physics_vendor:/opt/ros/jazzy/opt/sdformat_vendor:/opt/ros/jazzy/opt/gz_gui_vendor:/opt/ros/jazzy/opt/gz_transport_vendor:/opt/ros/jazzy/opt/gz_rendering_vendor:/opt/ros/jazzy/opt/gz_plugin_vendor:/opt/ros/jazzy/opt/gz_fuel_tools_vendor:/opt/ros/jazzy/opt/gz_msgs_vendor:/opt/ros/jazzy/opt/gz_common_vendor:/opt/ros/jazzy/opt/gz_math_vendor:/opt/ros/jazzy/opt/gz_utils_vendor:/opt/ros/jazzy/opt/gz_tools_vendor:/opt/ros/jazzy/opt/gz_ogre_next_vendor:/opt/ros/jazzy/opt/gz_dartsim_vendor:/opt/ros/jazzy/opt/gz_cmake_vendor DEBUGINFOD_URLS=https://debuginfod.ubuntu.com PS1=(ros2_python_venv) \[\e]0;\u@\h: \w\a\]${debian_chroot:+($debian_chroot)}\u@\h:\w\$ VIRTUAL_ENV_PROMPT=(ros2_python_venv) /usr/bin/cmake --build /home/robogames/vt-cro/robogames_pi/car_robot_ws/build/articubot_one -- -j4 -l4
