[01m[K/home/houndsito/vt-cro/robogames_pi/car_robot_ws/src/articubot_one/src/color_recognition.cpp:[m[K In member function â€˜[01m[Kvoid ColorRecognitionNode::[01;32m[Kcolor_callback[m[K(sensor_msgs::msg::Image_<std::allocator<void> >::SharedPtr)[m[Kâ€™:
[01m[K/home/houndsito/vt-cro/robogames_pi/car_robot_ws/src/articubot_one/src/color_recognition.cpp:98:33:[m[K [01;31m[Kerror: [m[Kâ€˜[01m[Kdepth_image[m[Kâ€™ was not declared in this scope
   98 |             float depth_value = [01;31m[Kdepth_image[m[K.at<float>(center_y, center_x);
      |                                 [01;31m[K^~~~~~~~~~~[m[K
[01m[K/home/houndsito/vt-cro/robogames_pi/car_robot_ws/src/articubot_one/src/color_recognition.cpp:98:48:[m[K [01;31m[Kerror: [m[Kexpected primary-expression before â€˜[01m[Kfloat[m[Kâ€™
   98 |             float depth_value = depth_image.at<[01;31m[Kfloat[m[K>(center_y, center_x);
      |                                                [01;31m[K^~~~~[m[K
[01m[K/home/houndsito/vt-cro/robogames_pi/car_robot_ws/src/articubot_one/src/color_recognition.cpp:94:17:[m[K [01;35m[Kwarning: [m[Kunused variable â€˜[01m[Kcenter_x[m[Kâ€™ [[01;35m[K]8;;https://gcc.gnu.org/onlinedocs/gcc/Warning-Options.html#index-Wunused-variable-Wunused-variable]8;;[m[K]
   94 |             int [01;35m[Kcenter_x[m[K = bounding_box.x + bounding_box.width / 2;
      |                 [01;35m[K^~~~~~~~[m[K
[01m[K/home/houndsito/vt-cro/robogames_pi/car_robot_ws/src/articubot_one/src/color_recognition.cpp:95:17:[m[K [01;35m[Kwarning: [m[Kunused variable â€˜[01m[Kcenter_y[m[Kâ€™ [[01;35m[K]8;;https://gcc.gnu.org/onlinedocs/gcc/Warning-Options.html#index-Wunused-variable-Wunused-variable]8;;[m[K]
   95 |             int [01;35m[Kcenter_y[m[K = bounding_box.y + bounding_box.height / 2;
      |                 [01;35m[K^~~~~~~~[m[K
gmake[2]: *** [CMakeFiles/color_recognition.dir/build.make:76: CMakeFiles/color_recognition.dir/src/color_recognition.cpp.o] Error 1
gmake[1]: *** [CMakeFiles/Makefile2:193: CMakeFiles/color_recognition.dir/all] Error 2
gmake[1]: *** Waiting for unfinished jobs....
gmake: *** [Makefile:146: all] Error 2
