-- The C compiler identification is GNU 13.3.0
-- The CXX compiler identification is GNU 13.3.0
-- Detecting C compiler ABI info
-- Detecting C compiler ABI info - done
-- Check for working C compiler: /usr/bin/cc - skipped
-- Detecting C compile features
-- Detecting C compile features - done
-- Detecting CXX compiler ABI info
-- Detecting CXX compiler ABI info - done
-- Check for working CXX compiler: /usr/bin/c++ - skipped
-- Detecting CXX compile features
-- Detecting CXX compile features - done
-- Found ament_cmake: 2.5.3 (/opt/ros/jazzy/share/ament_cmake/cmake)
-- Found Python3: /usr/bin/python3 (found version "3.12.3") found components: Interpreter 
-- Found serial: 1.2.1 (/home/houndsito/vt-cro/robogames_pi/car_robot_ws/install/serial/share/serial/cmake)
-- Found rclcpp: 28.1.6 (/opt/ros/jazzy/share/rclcpp/cmake)
-- Found rosidl_generator_c: 4.6.5 (/opt/ros/jazzy/share/rosidl_generator_c/cmake)
-- Found rosidl_generator_cpp: 4.6.5 (/opt/ros/jazzy/share/rosidl_generator_cpp/cmake)
-- Using all available rosidl_typesupport_c: rosidl_typesupport_fastrtps_c;rosidl_typesupport_introspection_c
-- Using all available rosidl_typesupport_cpp: rosidl_typesupport_fastrtps_cpp;rosidl_typesupport_introspection_cpp
-- Found rmw_implementation_cmake: 7.3.1 (/opt/ros/jazzy/share/rmw_implementation_cmake/cmake)
-- Found rmw_fastrtps_cpp: 8.4.1 (/opt/ros/jazzy/share/rmw_fastrtps_cpp/cmake)
-- Found OpenSSL: /usr/lib/x86_64-linux-gnu/libcrypto.so (found version "3.0.13")  
-- Found FastRTPS: /opt/ros/jazzy/include (Required is at least version "2.13") 
-- Using RMW implementation 'rmw_fastrtps_cpp' as default
-- Found sensor_msgs: 5.3.5 (/opt/ros/jazzy/share/sensor_msgs/cmake)
-- Found OpenCV: /usr (found version "4.6.0") 
-- Found cv_bridge: 4.1.0 (/opt/ros/jazzy/share/cv_bridge/cmake)
-- Found image_geometry: 4.1.0 (/opt/ros/jazzy/share/image_geometry/cmake)
-- Found ament_lint_auto: 0.17.1 (/opt/ros/jazzy/share/ament_lint_auto/cmake)
-- Added test 'copyright' to check source files copyright and LICENSE
-- Added test 'cppcheck' to perform static code analysis on C / C++ code
-- Configured cppcheck include dirs: 
-- Configured cppcheck exclude dirs and/or files: 
-- Added test 'cpplint' to check C / C++ code against the Google style
-- Configured cpplint exclude dirs and/or files: 
-- Added test 'flake8' to check Python code syntax and style conventions
-- Configured 'flake8' exclude dirs and/or files: 
-- Added test 'lint_cmake' to check CMake code style
-- Added test 'pep257' to check Python code against some of the docstring style conventions in PEP 257
-- Added test 'uncrustify' to check C / C++ code style
-- Configured uncrustify additional arguments: 
-- Added test 'xmllint' to check XML markup files
-- Configuring done (1.1s)
-- Generating done (0.0s)
-- Build files have been written to: /home/houndsito/vt-cro/robogames_pi/car_robot_ws/build/articubot_one
[ 50%] [32mBuilding CXX object CMakeFiles/depth_to_laserscan.dir/src/depth_to_laserscan.cpp.o[0m
[ 50%] [32mBuilding CXX object CMakeFiles/color_recognition.dir/src/color_recognition.cpp.o[0m
[ 50%] [32mBuilding CXX object CMakeFiles/joy_serial.dir/src/joy_serial.cpp.o[0m
[01m[K/home/houndsito/vt-cro/robogames_pi/car_robot_ws/src/articubot_one/src/color_recognition.cpp:[m[K In member function â€˜[01m[Kvoid ColorRecognitionNode::[01;32m[Kcolor_callback[m[K(sensor_msgs::msg::Image_<std::allocator<void> >::SharedPtr)[m[Kâ€™:
[01m[K/home/houndsito/vt-cro/robogames_pi/car_robot_ws/src/articubot_one/src/color_recognition.cpp:98:33:[m[K [01;31m[Kerror: [m[Kâ€˜[01m[Kdepth_image[m[Kâ€™ was not declared in this scope
   98 |             float depth_value = [01;31m[Kdepth_image[m[K.at<float>(center_y, center_x);
      |                                 [01;31m[K^~~~~~~~~~~[m[K
[01m[K/home/houndsito/vt-cro/robogames_pi/car_robot_ws/src/articubot_one/src/color_recognition.cpp:98:48:[m[K [01;31m[Kerror: [m[Kexpected primary-expression before â€˜[01m[Kfloat[m[Kâ€™
   98 |             float depth_value = depth_image.at<[01;31m[Kfloat[m[K>(center_y, center_x);
      |                                                [01;31m[K^~~~~[m[K
[01m[K/home/houndsito/vt-cro/robogames_pi/car_robot_ws/src/articubot_one/src/color_recognition.cpp:94:17:[m[K [01;35m[Kwarning: [m[Kunused variable â€˜[01m[Kcenter_x[m[Kâ€™ [[01;35m[K]8;;https://gcc.gnu.org/onlinedocs/gcc/Warning-Options.html#index-Wunused-variable-Wunused-variable]8;;[m[K]
   94 |             int [01;35m[Kcenter_x[m[K = bounding_box.x + bounding_box.width / 2;
      |                 [01;35m[K^~~~~~~~[m[K
[01m[K/home/houndsito/vt-cro/robogames_pi/car_robot_ws/src/articubot_one/src/color_recognition.cpp:95:17:[m[K [01;35m[Kwarning: [m[Kunused variable â€˜[01m[Kcenter_y[m[Kâ€™ [[01;35m[K]8;;https://gcc.gnu.org/onlinedocs/gcc/Warning-Options.html#index-Wunused-variable-Wunused-variable]8;;[m[K]
   95 |             int [01;35m[Kcenter_y[m[K = bounding_box.y + bounding_box.height / 2;
      |                 [01;35m[K^~~~~~~~[m[K
gmake[2]: *** [CMakeFiles/color_recognition.dir/build.make:76: CMakeFiles/color_recognition.dir/src/color_recognition.cpp.o] Error 1
gmake[1]: *** [CMakeFiles/Makefile2:193: CMakeFiles/color_recognition.dir/all] Error 2
gmake[1]: *** Waiting for unfinished jobs....
[ 66%] [32m[1mLinking CXX executable joy_serial[0m
[ 66%] Built target joy_serial
[ 83%] [32m[1mLinking CXX executable depth_to_laserscan[0m
[ 83%] Built target depth_to_laserscan
gmake: *** [Makefile:146: all] Error 2
