[0.016s] Invoking command in '/home/houndsito/vt-cro/robogames_pi/car_robot_ws/build/articubot_one': CMAKE_PREFIX_PATH=/opt/ros/jazzy:${CMAKE_PREFIX_PATH} DEBUGINFOD_URLS=https://debuginfod.ubuntu.com /usr/bin/cmake /home/houndsito/vt-cro/robogames_pi/car_robot_ws/src/articubot_one -DCMAKE_INSTALL_PREFIX=/home/houndsito/vt-cro/robogames_pi/car_robot_ws/install/articubot_one
[0.064s] -- The C compiler identification is GNU 13.3.0
[0.108s] -- The CXX compiler identification is GNU 13.3.0
[0.123s] -- Detecting C compiler ABI info
[0.206s] -- Detecting C compiler ABI info - done
[0.212s] -- Check for working C compiler: /usr/bin/cc - skipped
[0.212s] -- Detecting C compile features
[0.213s] -- Detecting C compile features - done
[0.223s] -- Detecting CXX compiler ABI info
[0.315s] -- Detecting CXX compiler ABI info - done
[0.322s] -- Check for working CXX compiler: /usr/bin/c++ - skipped
[0.323s] -- Detecting CXX compile features
[0.323s] -- Detecting CXX compile features - done
[0.325s] -- Found ament_cmake: 2.5.3 (/opt/ros/jazzy/share/ament_cmake/cmake)
[0.453s] -- Found Python3: /usr/bin/python3 (found version "3.12.3") found components: Interpreter 
[0.538s] -- Found serial: 1.2.1 (/home/houndsito/vt-cro/robogames_pi/car_robot_ws/install/serial/share/serial/cmake)
[0.541s] -- Found rclcpp: 28.1.6 (/opt/ros/jazzy/share/rclcpp/cmake)
[0.577s] -- Found rosidl_generator_c: 4.6.5 (/opt/ros/jazzy/share/rosidl_generator_c/cmake)
[0.588s] -- Found rosidl_generator_cpp: 4.6.5 (/opt/ros/jazzy/share/rosidl_generator_cpp/cmake)
[0.600s] -- Using all available rosidl_typesupport_c: rosidl_typesupport_fastrtps_c;rosidl_typesupport_introspection_c
[0.614s] -- Using all available rosidl_typesupport_cpp: rosidl_typesupport_fastrtps_cpp;rosidl_typesupport_introspection_cpp
[0.695s] -- Found rmw_implementation_cmake: 7.3.1 (/opt/ros/jazzy/share/rmw_implementation_cmake/cmake)
[0.698s] -- Found rmw_fastrtps_cpp: 8.4.1 (/opt/ros/jazzy/share/rmw_fastrtps_cpp/cmake)
[0.811s] -- Found OpenSSL: /usr/lib/x86_64-linux-gnu/libcrypto.so (found version "3.0.13")  
[0.832s] -- Found FastRTPS: /opt/ros/jazzy/include (Required is at least version "2.13") 
[0.855s] -- Using RMW implementation 'rmw_fastrtps_cpp' as default
[0.940s] -- Found sensor_msgs: 5.3.5 (/opt/ros/jazzy/share/sensor_msgs/cmake)
[0.998s] -- Found OpenCV: /usr (found version "4.6.0") 
[1.000s] -- Found cv_bridge: 4.1.0 (/opt/ros/jazzy/share/cv_bridge/cmake)
[1.005s] -- Found image_geometry: 4.1.0 (/opt/ros/jazzy/share/image_geometry/cmake)
[1.010s] -- Found ament_lint_auto: 0.17.1 (/opt/ros/jazzy/share/ament_lint_auto/cmake)
[1.098s] -- Added test 'copyright' to check source files copyright and LICENSE
[1.100s] -- Added test 'cppcheck' to perform static code analysis on C / C++ code
[1.101s] -- Configured cppcheck include dirs: 
[1.101s] -- Configured cppcheck exclude dirs and/or files: 
[1.103s] -- Added test 'cpplint' to check C / C++ code against the Google style
[1.103s] -- Configured cpplint exclude dirs and/or files: 
[1.103s] -- Added test 'flake8' to check Python code syntax and style conventions
[1.104s] -- Configured 'flake8' exclude dirs and/or files: 
[1.104s] -- Added test 'lint_cmake' to check CMake code style
[1.105s] -- Added test 'pep257' to check Python code against some of the docstring style conventions in PEP 257
[1.107s] -- Added test 'uncrustify' to check C / C++ code style
[1.107s] -- Configured uncrustify additional arguments: 
[1.107s] -- Added test 'xmllint' to check XML markup files
[1.109s] -- Configuring done (1.1s)
[1.129s] -- Generating done (0.0s)
[1.135s] -- Build files have been written to: /home/houndsito/vt-cro/robogames_pi/car_robot_ws/build/articubot_one
[1.145s] Invoked command in '/home/houndsito/vt-cro/robogames_pi/car_robot_ws/build/articubot_one' returned '0': CMAKE_PREFIX_PATH=/opt/ros/jazzy:${CMAKE_PREFIX_PATH} DEBUGINFOD_URLS=https://debuginfod.ubuntu.com /usr/bin/cmake /home/houndsito/vt-cro/robogames_pi/car_robot_ws/src/articubot_one -DCMAKE_INSTALL_PREFIX=/home/houndsito/vt-cro/robogames_pi/car_robot_ws/install/articubot_one
[1.146s] Invoking command in '/home/houndsito/vt-cro/robogames_pi/car_robot_ws/build/articubot_one': CMAKE_PREFIX_PATH=/opt/ros/jazzy:${CMAKE_PREFIX_PATH} DEBUGINFOD_URLS=https://debuginfod.ubuntu.com /usr/bin/cmake --build /home/houndsito/vt-cro/robogames_pi/car_robot_ws/build/articubot_one -- -j16 -l16
[1.200s] [ 50%] [32mBuilding CXX object CMakeFiles/depth_to_laserscan.dir/src/depth_to_laserscan.cpp.o[0m
[1.200s] [ 50%] [32mBuilding CXX object CMakeFiles/color_recognition.dir/src/color_recognition.cpp.o[0m
[1.200s] [ 50%] [32mBuilding CXX object CMakeFiles/joy_serial.dir/src/joy_serial.cpp.o[0m
[3.711s] [01m[K/home/houndsito/vt-cro/robogames_pi/car_robot_ws/src/articubot_one/src/color_recognition.cpp:[m[K In member function â€˜[01m[Kvoid ColorRecognitionNode::[01;32m[Kcolor_callback[m[K(sensor_msgs::msg::Image_<std::allocator<void> >::SharedPtr)[m[Kâ€™:
[3.711s] [01m[K/home/houndsito/vt-cro/robogames_pi/car_robot_ws/src/articubot_one/src/color_recognition.cpp:98:33:[m[K [01;31m[Kerror: [m[Kâ€˜[01m[Kdepth_image[m[Kâ€™ was not declared in this scope
[3.711s]    98 |             float depth_value = [01;31m[Kdepth_image[m[K.at<float>(center_y, center_x);
[3.712s]       |                                 [01;31m[K^~~~~~~~~~~[m[K
[3.712s] [01m[K/home/houndsito/vt-cro/robogames_pi/car_robot_ws/src/articubot_one/src/color_recognition.cpp:98:48:[m[K [01;31m[Kerror: [m[Kexpected primary-expression before â€˜[01m[Kfloat[m[Kâ€™
[3.712s]    98 |             float depth_value = depth_image.at<[01;31m[Kfloat[m[K>(center_y, center_x);
[3.712s]       |                                                [01;31m[K^~~~~[m[K
[3.712s] [01m[K/home/houndsito/vt-cro/robogames_pi/car_robot_ws/src/articubot_one/src/color_recognition.cpp:94:17:[m[K [01;35m[Kwarning: [m[Kunused variable â€˜[01m[Kcenter_x[m[Kâ€™ [[01;35m[K]8;;https://gcc.gnu.org/onlinedocs/gcc/Warning-Options.html#index-Wunused-variable-Wunused-variable]8;;[m[K]
[3.712s]    94 |             int [01;35m[Kcenter_x[m[K = bounding_box.x + bounding_box.width / 2;
[3.712s]       |                 [01;35m[K^~~~~~~~[m[K
[3.712s] [01m[K/home/houndsito/vt-cro/robogames_pi/car_robot_ws/src/articubot_one/src/color_recognition.cpp:95:17:[m[K [01;35m[Kwarning: [m[Kunused variable â€˜[01m[Kcenter_y[m[Kâ€™ [[01;35m[K]8;;https://gcc.gnu.org/onlinedocs/gcc/Warning-Options.html#index-Wunused-variable-Wunused-variable]8;;[m[K]
[3.712s]    95 |             int [01;35m[Kcenter_y[m[K = bounding_box.y + bounding_box.height / 2;
[3.712s]       |                 [01;35m[K^~~~~~~~[m[K
[6.340s] gmake[2]: *** [CMakeFiles/color_recognition.dir/build.make:76: CMakeFiles/color_recognition.dir/src/color_recognition.cpp.o] Error 1
[6.340s] gmake[1]: *** [CMakeFiles/Makefile2:193: CMakeFiles/color_recognition.dir/all] Error 2
[6.340s] gmake[1]: *** Waiting for unfinished jobs....
[6.984s] [ 66%] [32m[1mLinking CXX executable joy_serial[0m
[7.242s] [ 66%] Built target joy_serial
[11.829s] [ 83%] [32m[1mLinking CXX executable depth_to_laserscan[0m
[12.481s] [ 83%] Built target depth_to_laserscan
[12.483s] gmake: *** [Makefile:146: all] Error 2
