-- Found ament_cmake: 2.5.3 (/opt/ros/jazzy/share/ament_cmake/cmake)
-- Found serial: 1.2.1 (/home/robogames/vt-cro/robogames_pi/car_robot_ws/install/serial/share/serial/cmake)
-- Found rclcpp: 28.1.6 (/opt/ros/jazzy/share/rclcpp/cmake)
-- Found rosidl_generator_c: 4.6.5 (/opt/ros/jazzy/share/rosidl_generator_c/cmake)
-- Found rosidl_generator_cpp: 4.6.5 (/opt/ros/jazzy/share/rosidl_generator_cpp/cmake)
-- Using all available rosidl_typesupport_c: rosidl_typesupport_fastrtps_c;rosidl_typesupport_introspection_c
-- Using all available rosidl_typesupport_cpp: rosidl_typesupport_fastrtps_cpp;rosidl_typesupport_introspection_cpp
-- Found rmw_implementation_cmake: 7.3.1 (/opt/ros/jazzy/share/rmw_implementation_cmake/cmake)
-- Found rmw_fastrtps_cpp: 8.4.1 (/opt/ros/jazzy/share/rmw_fastrtps_cpp/cmake)
-- Using RMW implementation 'rmw_fastrtps_cpp' as default
-- Found sensor_msgs: 5.3.5 (/opt/ros/jazzy/share/sensor_msgs/cmake)
-- Found cv_bridge: 4.1.0 (/opt/ros/jazzy/share/cv_bridge/cmake)
-- Found image_geometry: 4.1.0 (/opt/ros/jazzy/share/image_geometry/cmake)
-- Found ament_lint_auto: 0.17.1 (/opt/ros/jazzy/share/ament_lint_auto/cmake)
-- Added test 'copyright' to check source files copyright and LICENSE
-- Added test 'cppcheck' to perform static code analysis on C / C++ code
-- Configured cppcheck include dirs: 
-- Configured cppcheck exclude dirs and/or files: 
-- Added test 'cpplint' to check C / C++ code against the Google style
-- Configured cpplint exclude dirs and/or files: 
-- Added test 'flake8' to check Python code syntax and style conventions
-- Configured 'flake8' exclude dirs and/or files: 
-- Added test 'lint_cmake' to check CMake code style
-- Added test 'pep257' to check Python code against some of the docstring style conventions in PEP 257
-- Added test 'uncrustify' to check C / C++ code style
-- Configured uncrustify additional arguments: 
-- Added test 'xmllint' to check XML markup files
-- Configuring done (1.1s)
-- Generating done (0.1s)
-- Build files have been written to: /home/robogames/vt-cro/robogames_pi/car_robot_ws/build/articubot_one
[ 20%] Built target depth_to_laserscan
[ 40%] Built target depth_processing_node
[ 60%] Built target color_detection_node
[ 80%] Built target joy_serial
[ 90%] [32mBuilding CXX object CMakeFiles/main_bt_node.dir/src/main_bt_node.cpp.o[0m
[01m[K/home/robogames/vt-cro/robogames_pi/car_robot_ws/src/articubot_one/src/main_bt_node.cpp:1:1:[m[K [01;31m[Kerror: [m[Kâ€˜[01m[Kbt[m[Kâ€™ does not name a type
    1 | [01;31m[Kbt[m[K::BehaviorTreeFactory factory;
      | [01;31m[K^~[m[K
[01m[K/home/robogames/vt-cro/robogames_pi/car_robot_ws/src/articubot_one/src/main_bt_node.cpp:4:1:[m[K [01;31m[Kerror: [m[Kâ€˜[01m[Kfactory[m[Kâ€™ does not name a type
    4 | [01;31m[Kfactory[m[K.registerNodeType<DetectObject>("DetectObject");
      | [01;31m[K^~~~~~~[m[K
[01m[K/home/robogames/vt-cro/robogames_pi/car_robot_ws/src/articubot_one/src/main_bt_node.cpp:5:1:[m[K [01;31m[Kerror: [m[Kâ€˜[01m[Kfactory[m[Kâ€™ does not name a type
    5 | [01;31m[Kfactory[m[K.registerNodeType<Spin>("Spin");
      | [01;31m[K^~~~~~~[m[K
[01m[K/home/robogames/vt-cro/robogames_pi/car_robot_ws/src/articubot_one/src/main_bt_node.cpp:6:1:[m[K [01;31m[Kerror: [m[Kâ€˜[01m[Kfactory[m[Kâ€™ does not name a type
    6 | [01;31m[Kfactory[m[K.registerNodeType<NavigateToPose>("NavigateToPose");
      | [01;31m[K^~~~~~~[m[K
[01m[K/home/robogames/vt-cro/robogames_pi/car_robot_ws/src/articubot_one/src/main_bt_node.cpp:7:1:[m[K [01;31m[Kerror: [m[Kâ€˜[01m[Kfactory[m[Kâ€™ does not name a type
    7 | [01;31m[Kfactory[m[K.registerNodeType<Turn>("Turn");
      | [01;31m[K^~~~~~~[m[K
[01m[K/home/robogames/vt-cro/robogames_pi/car_robot_ws/src/articubot_one/src/main_bt_node.cpp:8:1:[m[K [01;31m[Kerror: [m[Kâ€˜[01m[Kfactory[m[Kâ€™ does not name a type
    8 | [01;31m[Kfactory[m[K.registerNodeType<CheckTopicAlive>("CheckTopicAlive");
      | [01;31m[K^~~~~~~[m[K
[01m[K/home/robogames/vt-cro/robogames_pi/car_robot_ws/src/articubot_one/src/main_bt_node.cpp:9:1:[m[K [01;31m[Kerror: [m[Kâ€˜[01m[Kfactory[m[Kâ€™ does not name a type
    9 | [01;31m[Kfactory[m[K.registerNodeType<CheckControllerAlive>("CheckControllerAlive");
      | [01;31m[K^~~~~~~[m[K
[01m[K/home/robogames/vt-cro/robogames_pi/car_robot_ws/src/articubot_one/src/main_bt_node.cpp:13:6:[m[K [01;31m[Kerror: [m[Kâ€˜[01m[Kstring[m[Kâ€™ in namespace â€˜[01m[Kstd[m[Kâ€™ does not name a type
   13 | std::[01;31m[Kstring[m[K tree_file;
      |      [01;31m[K^~~~~~[m[K
[01m[K/home/robogames/vt-cro/robogames_pi/car_robot_ws/src/articubot_one/src/main_bt_node.cpp:1:1:[m[K [01;36m[Knote: [m[Kâ€˜[01m[Kstd::string[m[Kâ€™ is defined in header â€˜[01m[K<string>[m[Kâ€™; did you forget to â€˜[01m[K#include <string>[m[Kâ€™?
  +++ |+[32m[K#include <string>[m[K
    1 | bt::BehaviorTreeFactory factory;
[01m[K/home/robogames/vt-cro/robogames_pi/car_robot_ws/src/articubot_one/src/main_bt_node.cpp:14:1:[m[K [01;31m[Kerror: [m[Kâ€˜[01m[Knode[m[Kâ€™ does not name a type
   14 | [01;31m[Knode[m[K->get_parameter("bt_xml_file", tree_file);
      | [01;31m[K^~~~[m[K
[01m[K/home/robogames/vt-cro/robogames_pi/car_robot_ws/src/articubot_one/src/main_bt_node.cpp:15:1:[m[K [01;31m[Kerror: [m[Kâ€˜[01m[Kfactory[m[Kâ€™ does not name a type
   15 | [01;31m[Kfactory[m[K.createTreeFromFile(tree_file);
      | [01;31m[K^~~~~~~[m[K
[01m[K/home/robogames/vt-cro/robogames_pi/car_robot_ws/src/articubot_one/src/main_bt_node.cpp:20:19:[m[K [01;31m[Kerror: [m[Kâ€˜[01m[Ktree[m[Kâ€™ was not declared in this scope
   20 | auto blackboard = [01;31m[Ktree[m[K.rootBlackboard();
      |                   [01;31m[K^~~~[m[K
[01m[K/home/robogames/vt-cro/robogames_pi/car_robot_ws/src/articubot_one/src/main_bt_node.cpp:21:1:[m[K [01;31m[Kerror: [m[Kâ€˜[01m[Kblackboard[m[Kâ€™ does not name a type
   21 | [01;31m[Kblackboard[m[K->set("node", shared_from_this());  // if inside a ROS node
      | [01;31m[K^~~~~~~~~~[m[K
[01m[K/home/robogames/vt-cro/robogames_pi/car_robot_ws/src/articubot_one/src/main_bt_node.cpp:24:1:[m[K [01;31m[Kerror: [m[Kâ€˜[01m[KBT[m[Kâ€™ does not name a type
   24 | [01;31m[KBT[m[K::NodeStatus status = BT::NodeStatus::IDLE;
      | [01;31m[K^~[m[K
[01m[K/home/robogames/vt-cro/robogames_pi/car_robot_ws/src/articubot_one/src/main_bt_node.cpp:25:1:[m[K [01;31m[Kerror: [m[Kâ€˜[01m[Krclcpp[m[Kâ€™ does not name a type
   25 | [01;31m[Krclcpp[m[K::Rate rate(10); // 10Hz
      | [01;31m[K^~~~~~[m[K
[01m[K/home/robogames/vt-cro/robogames_pi/car_robot_ws/src/articubot_one/src/main_bt_node.cpp:27:1:[m[K [01;31m[Kerror: [m[Kexpected unqualified-id before â€˜[01m[Kwhile[m[Kâ€™
   27 | [01;31m[Kwhile[m[K (rclcpp::ok() && status != BT::NodeStatus::SUCCESS) {
      | [01;31m[K^~~~~[m[K
gmake[2]: *** [CMakeFiles/main_bt_node.dir/build.make:76: CMakeFiles/main_bt_node.dir/src/main_bt_node.cpp.o] Error 1
gmake[1]: *** [CMakeFiles/Makefile2:249: CMakeFiles/main_bt_node.dir/all] Error 2
gmake: *** [Makefile:146: all] Error 2
