[0.064s] Invoking command in '/home/robogames/vt-cro/robogames_pi/car_robot_ws/build/articubot_one': CMAKE_PREFIX_PATH=/opt/ros/jazzy:${CMAKE_PREFIX_PATH} DEBUGINFOD_URLS=https://debuginfod.ubuntu.com /usr/bin/cmake --build /home/robogames/vt-cro/robogames_pi/car_robot_ws/build/articubot_one -- -j4 -l4
[0.125s] -- Found ament_cmake: 2.5.3 (/opt/ros/jazzy/share/ament_cmake/cmake)
[0.545s] -- Found serial: 1.2.1 (/home/robogames/vt-cro/robogames_pi/car_robot_ws/install/serial/share/serial/cmake)
[0.547s] -- Found rclcpp: 28.1.6 (/opt/ros/jazzy/share/rclcpp/cmake)
[0.586s] -- Found rosidl_generator_c: 4.6.5 (/opt/ros/jazzy/share/rosidl_generator_c/cmake)
[0.599s] -- Found rosidl_generator_cpp: 4.6.5 (/opt/ros/jazzy/share/rosidl_generator_cpp/cmake)
[0.616s] -- Using all available rosidl_typesupport_c: rosidl_typesupport_fastrtps_c;rosidl_typesupport_introspection_c
[0.636s] -- Using all available rosidl_typesupport_cpp: rosidl_typesupport_fastrtps_cpp;rosidl_typesupport_introspection_cpp
[0.718s] -- Found rmw_implementation_cmake: 7.3.1 (/opt/ros/jazzy/share/rmw_implementation_cmake/cmake)
[0.720s] -- Found rmw_fastrtps_cpp: 8.4.1 (/opt/ros/jazzy/share/rmw_fastrtps_cpp/cmake)
[0.818s] -- Using RMW implementation 'rmw_fastrtps_cpp' as default
[0.903s] -- Found sensor_msgs: 5.3.5 (/opt/ros/jazzy/share/sensor_msgs/cmake)
[0.985s] -- Found cv_bridge: 4.1.0 (/opt/ros/jazzy/share/cv_bridge/cmake)
[0.989s] -- Found image_geometry: 4.1.0 (/opt/ros/jazzy/share/image_geometry/cmake)
[0.992s] -- Found ament_lint_auto: 0.17.1 (/opt/ros/jazzy/share/ament_lint_auto/cmake)
[1.175s] -- Added test 'copyright' to check source files copyright and LICENSE
[1.178s] -- Added test 'cppcheck' to perform static code analysis on C / C++ code
[1.179s] -- Configured cppcheck include dirs: 
[1.179s] -- Configured cppcheck exclude dirs and/or files: 
[1.183s] -- Added test 'cpplint' to check C / C++ code against the Google style
[1.183s] -- Configured cpplint exclude dirs and/or files: 
[1.183s] -- Added test 'flake8' to check Python code syntax and style conventions
[1.184s] -- Configured 'flake8' exclude dirs and/or files: 
[1.185s] -- Added test 'lint_cmake' to check CMake code style
[1.185s] -- Added test 'pep257' to check Python code against some of the docstring style conventions in PEP 257
[1.189s] -- Added test 'uncrustify' to check C / C++ code style
[1.189s] -- Configured uncrustify additional arguments: 
[1.189s] -- Added test 'xmllint' to check XML markup files
[1.191s] -- Configuring done (1.1s)
[1.264s] -- Generating done (0.1s)
[1.297s] -- Build files have been written to: /home/robogames/vt-cro/robogames_pi/car_robot_ws/build/articubot_one
[1.407s] [ 20%] Built target depth_to_laserscan
[1.416s] [ 40%] Built target depth_processing_node
[1.421s] [ 60%] Built target color_detection_node
[1.421s] [ 80%] Built target joy_serial
[1.455s] [ 90%] [32mBuilding CXX object CMakeFiles/main_bt_node.dir/src/main_bt_node.cpp.o[0m
[1.476s] [01m[K/home/robogames/vt-cro/robogames_pi/car_robot_ws/src/articubot_one/src/main_bt_node.cpp:1:1:[m[K [01;31m[Kerror: [m[Kâ€˜[01m[Kbt[m[Kâ€™ does not name a type
[1.476s]     1 | [01;31m[Kbt[m[K::BehaviorTreeFactory factory;
[1.476s]       | [01;31m[K^~[m[K
[1.478s] [01m[K/home/robogames/vt-cro/robogames_pi/car_robot_ws/src/articubot_one/src/main_bt_node.cpp:4:1:[m[K [01;31m[Kerror: [m[Kâ€˜[01m[Kfactory[m[Kâ€™ does not name a type
[1.478s]     4 | [01;31m[Kfactory[m[K.registerNodeType<DetectObject>("DetectObject");
[1.478s]       | [01;31m[K^~~~~~~[m[K
[1.478s] [01m[K/home/robogames/vt-cro/robogames_pi/car_robot_ws/src/articubot_one/src/main_bt_node.cpp:5:1:[m[K [01;31m[Kerror: [m[Kâ€˜[01m[Kfactory[m[Kâ€™ does not name a type
[1.478s]     5 | [01;31m[Kfactory[m[K.registerNodeType<Spin>("Spin");
[1.478s]       | [01;31m[K^~~~~~~[m[K
[1.478s] [01m[K/home/robogames/vt-cro/robogames_pi/car_robot_ws/src/articubot_one/src/main_bt_node.cpp:6:1:[m[K [01;31m[Kerror: [m[Kâ€˜[01m[Kfactory[m[Kâ€™ does not name a type
[1.478s]     6 | [01;31m[Kfactory[m[K.registerNodeType<NavigateToPose>("NavigateToPose");
[1.478s]       | [01;31m[K^~~~~~~[m[K
[1.478s] [01m[K/home/robogames/vt-cro/robogames_pi/car_robot_ws/src/articubot_one/src/main_bt_node.cpp:7:1:[m[K [01;31m[Kerror: [m[Kâ€˜[01m[Kfactory[m[Kâ€™ does not name a type
[1.479s]     7 | [01;31m[Kfactory[m[K.registerNodeType<Turn>("Turn");
[1.479s]       | [01;31m[K^~~~~~~[m[K
[1.479s] [01m[K/home/robogames/vt-cro/robogames_pi/car_robot_ws/src/articubot_one/src/main_bt_node.cpp:8:1:[m[K [01;31m[Kerror: [m[Kâ€˜[01m[Kfactory[m[Kâ€™ does not name a type
[1.479s]     8 | [01;31m[Kfactory[m[K.registerNodeType<CheckTopicAlive>("CheckTopicAlive");
[1.479s]       | [01;31m[K^~~~~~~[m[K
[1.479s] [01m[K/home/robogames/vt-cro/robogames_pi/car_robot_ws/src/articubot_one/src/main_bt_node.cpp:9:1:[m[K [01;31m[Kerror: [m[Kâ€˜[01m[Kfactory[m[Kâ€™ does not name a type
[1.479s]     9 | [01;31m[Kfactory[m[K.registerNodeType<CheckControllerAlive>("CheckControllerAlive");
[1.479s]       | [01;31m[K^~~~~~~[m[K
[1.479s] [01m[K/home/robogames/vt-cro/robogames_pi/car_robot_ws/src/articubot_one/src/main_bt_node.cpp:13:6:[m[K [01;31m[Kerror: [m[Kâ€˜[01m[Kstring[m[Kâ€™ in namespace â€˜[01m[Kstd[m[Kâ€™ does not name a type
[1.479s]    13 | std::[01;31m[Kstring[m[K tree_file;
[1.479s]       |      [01;31m[K^~~~~~[m[K
[1.480s] [01m[K/home/robogames/vt-cro/robogames_pi/car_robot_ws/src/articubot_one/src/main_bt_node.cpp:1:1:[m[K [01;36m[Knote: [m[Kâ€˜[01m[Kstd::string[m[Kâ€™ is defined in header â€˜[01m[K<string>[m[Kâ€™; did you forget to â€˜[01m[K#include <string>[m[Kâ€™?
[1.480s]   +++ |+[32m[K#include <string>[m[K
[1.480s]     1 | bt::BehaviorTreeFactory factory;
[1.480s] [01m[K/home/robogames/vt-cro/robogames_pi/car_robot_ws/src/articubot_one/src/main_bt_node.cpp:14:1:[m[K [01;31m[Kerror: [m[Kâ€˜[01m[Knode[m[Kâ€™ does not name a type
[1.480s]    14 | [01;31m[Knode[m[K->get_parameter("bt_xml_file", tree_file);
[1.480s]       | [01;31m[K^~~~[m[K
[1.480s] [01m[K/home/robogames/vt-cro/robogames_pi/car_robot_ws/src/articubot_one/src/main_bt_node.cpp:15:1:[m[K [01;31m[Kerror: [m[Kâ€˜[01m[Kfactory[m[Kâ€™ does not name a type
[1.480s]    15 | [01;31m[Kfactory[m[K.createTreeFromFile(tree_file);
[1.480s]       | [01;31m[K^~~~~~~[m[K
[1.480s] [01m[K/home/robogames/vt-cro/robogames_pi/car_robot_ws/src/articubot_one/src/main_bt_node.cpp:20:19:[m[K [01;31m[Kerror: [m[Kâ€˜[01m[Ktree[m[Kâ€™ was not declared in this scope
[1.480s]    20 | auto blackboard = [01;31m[Ktree[m[K.rootBlackboard();
[1.481s]       |                   [01;31m[K^~~~[m[K
[1.481s] [01m[K/home/robogames/vt-cro/robogames_pi/car_robot_ws/src/articubot_one/src/main_bt_node.cpp:21:1:[m[K [01;31m[Kerror: [m[Kâ€˜[01m[Kblackboard[m[Kâ€™ does not name a type
[1.483s]    21 | [01;31m[Kblackboard[m[K->set("node", shared_from_this());  // if inside a ROS node
[1.483s]       | [01;31m[K^~~~~~~~~~[m[K
[1.483s] [01m[K/home/robogames/vt-cro/robogames_pi/car_robot_ws/src/articubot_one/src/main_bt_node.cpp:24:1:[m[K [01;31m[Kerror: [m[Kâ€˜[01m[KBT[m[Kâ€™ does not name a type
[1.483s]    24 | [01;31m[KBT[m[K::NodeStatus status = BT::NodeStatus::IDLE;
[1.483s]       | [01;31m[K^~[m[K
[1.483s] [01m[K/home/robogames/vt-cro/robogames_pi/car_robot_ws/src/articubot_one/src/main_bt_node.cpp:25:1:[m[K [01;31m[Kerror: [m[Kâ€˜[01m[Krclcpp[m[Kâ€™ does not name a type
[1.483s]    25 | [01;31m[Krclcpp[m[K::Rate rate(10); // 10Hz
[1.483s]       | [01;31m[K^~~~~~[m[K
[1.483s] [01m[K/home/robogames/vt-cro/robogames_pi/car_robot_ws/src/articubot_one/src/main_bt_node.cpp:27:1:[m[K [01;31m[Kerror: [m[Kexpected unqualified-id before â€˜[01m[Kwhile[m[Kâ€™
[1.484s]    27 | [01;31m[Kwhile[m[K (rclcpp::ok() && status != BT::NodeStatus::SUCCESS) {
[1.484s]       | [01;31m[K^~~~~[m[K
[1.484s] gmake[2]: *** [CMakeFiles/main_bt_node.dir/build.make:76: CMakeFiles/main_bt_node.dir/src/main_bt_node.cpp.o] Error 1
[1.484s] gmake[1]: *** [CMakeFiles/Makefile2:249: CMakeFiles/main_bt_node.dir/all] Error 2
[1.484s] gmake: *** [Makefile:146: all] Error 2
[1.488s] Invoked command in '/home/robogames/vt-cro/robogames_pi/car_robot_ws/build/articubot_one' returned '2': CMAKE_PREFIX_PATH=/opt/ros/jazzy:${CMAKE_PREFIX_PATH} DEBUGINFOD_URLS=https://debuginfod.ubuntu.com /usr/bin/cmake --build /home/robogames/vt-cro/robogames_pi/car_robot_ws/build/articubot_one -- -j4 -l4
