[0.046s] Invoking command in '/home/robogames/vt-cro/robogames_pi/car_robot_ws/build/articubot_one': CMAKE_PREFIX_PATH=/home/robogames/vt-cro/robogames_pi/car_robot_ws/install/opencv_tools:/opt/ros/jazzy:${CMAKE_PREFIX_PATH} DEBUGINFOD_URLS=https://debuginfod.ubuntu.com /usr/bin/cmake --build /home/robogames/vt-cro/robogames_pi/car_robot_ws/build/articubot_one -- -j4 -l4
[0.617s] [ 16%] Built target color_detection_node
[0.617s] [ 33%] Built target joy_serial
[0.617s] [ 50%] Built target depth_to_laserscan
[0.618s] [ 58%] [32mBuilding CXX object CMakeFiles/yolo_detector_node.dir/src/yolo_detector_node.cpp.o[0m
[0.618s] [ 75%] Built target main_bt_node
[0.618s] [ 91%] Built target depth_processing_node
[6.582s] [01m[K/home/robogames/vt-cro/robogames_pi/car_robot_ws/src/articubot_one/src/yolo_detector_node.cpp:[m[K In member function â€˜[01m[Kvoid YoloDetectorNode::[01;32m[Kimage_callback[m[K(sensor_msgs::msg::Image_<std::allocator<void> >::SharedPtr)[m[Kâ€™:
[6.582s] [01m[K/home/robogames/vt-cro/robogames_pi/car_robot_ws/src/articubot_one/src/yolo_detector_node.cpp:101:115:[m[K [01;31m[Kerror: [m[Kconversion from â€˜[01m[Ksensor_msgs::msg::Image_<std::allocator<void> >::SharedPtr[m[Kâ€™ {aka â€˜[01m[Kstd::shared_ptr<sensor_msgs::msg::Image_<std::allocator<void> > >[m[Kâ€™} to non-scalar type â€˜[01m[Ksensor_msgs::msg::Image_<std::allocator<void> >::UniquePtr[m[Kâ€™ {aka â€˜[01m[Kstd::unique_ptr<sensor_msgs::msg::Image_<std::allocator<void> >, std::default_delete<sensor_msgs::msg::Image_<std::allocator<void> > > >[m[Kâ€™} requested
[6.582s]   101 |             sensor_msgs::msg::Image::UniquePtr out_msg = [01;31m[Kcv_bridge::CvImage(msg->header, "bgr8", frame).toImageMsg()[m[K;
[6.582s]       |                                                          [01;31m[K~~~~~~~~~~~~~~~~~~~~~~~~~~~~~~~~~~~~~~~~~~~~~~~~~~~~~~~~~^~[m[K
[10.558s] gmake[2]: *** [CMakeFiles/yolo_detector_node.dir/build.make:76: CMakeFiles/yolo_detector_node.dir/src/yolo_detector_node.cpp.o] Error 1
[10.558s] gmake[1]: *** [CMakeFiles/Makefile2:199: CMakeFiles/yolo_detector_node.dir/all] Error 2
[10.559s] gmake: *** [Makefile:146: all] Error 2
[10.562s] Invoked command in '/home/robogames/vt-cro/robogames_pi/car_robot_ws/build/articubot_one' returned '2': CMAKE_PREFIX_PATH=/home/robogames/vt-cro/robogames_pi/car_robot_ws/install/opencv_tools:/opt/ros/jazzy:${CMAKE_PREFIX_PATH} DEBUGINFOD_URLS=https://debuginfod.ubuntu.com /usr/bin/cmake --build /home/robogames/vt-cro/robogames_pi/car_robot_ws/build/articubot_one -- -j4 -l4
