[0.057s] Invoking command in '/home/robogames/vt-cro/robogames_pi/car_robot_ws/build/articubot_one': CMAKE_PREFIX_PATH=/opt/ros/jazzy:${CMAKE_PREFIX_PATH} DEBUGINFOD_URLS=https://debuginfod.ubuntu.com /usr/bin/cmake --build /home/robogames/vt-cro/robogames_pi/car_robot_ws/build/articubot_one -- -j4 -l4
[0.219s] [ 20%] Built target depth_to_laserscan
[0.226s] [ 40%] Built target joy_serial
[0.233s] [ 60%] Built target color_detection_node
[0.246s] [ 80%] Built target depth_processing_node
[0.315s] [ 90%] [32mBuilding CXX object CMakeFiles/main_bt_node.dir/src/main_bt_node.cpp.o[0m
[4.343s] In file included from [01m[K/home/robogames/vt-cro/robogames_pi/car_robot_ws/src/articubot_one/src/main_bt_node.cpp:17[m[K:
[4.343s] [01m[K/home/robogames/vt-cro/robogames_pi/car_robot_ws/src/articubot_one/src/cone_recovery_node.hpp:46:5:[m[K [01;31m[Kerror: [m[Kredefinition of â€˜[01m[Kint[01;32m[K main[m[K(int, char**)[m[Kâ€™
[4.343s]    46 | int [01;31m[Kmain[m[K(int argc, char **argv) {
[4.343s]       |     [01;31m[K^~~~[m[K
[4.343s] In file included from [01m[K/home/robogames/vt-cro/robogames_pi/car_robot_ws/src/articubot_one/src/main_bt_node.cpp:16[m[K:
[4.343s] [01m[K/home/robogames/vt-cro/robogames_pi/car_robot_ws/src/articubot_one/src/cone_navigator_node.hpp:68:5:[m[K [01;36m[Knote: [m[Kâ€˜[01m[Kint[01;32m[K main[m[K(int, char**)[m[Kâ€™ previously defined here
[4.343s]    68 | int [01;36m[Kmain[m[K(int argc, char **argv)
[4.343s]       |     [01;36m[K^~~~[m[K
[4.346s] [01m[K/home/robogames/vt-cro/robogames_pi/car_robot_ws/src/articubot_one/src/main_bt_node.cpp:21:5:[m[K [01;31m[Kerror: [m[Kredefinition of â€˜[01m[Kint[01;32m[K main[m[K(int, char**)[m[Kâ€™
[4.346s]    21 | int [01;31m[Kmain[m[K(int argc, char **argv)
[4.346s]       |     [01;31m[K^~~~[m[K
[4.346s] [01m[K/home/robogames/vt-cro/robogames_pi/car_robot_ws/src/articubot_one/src/cone_navigator_node.hpp:68:5:[m[K [01;36m[Knote: [m[Kâ€˜[01m[Kint[01;32m[K main[m[K(int, char**)[m[Kâ€™ previously defined here
[4.346s]    68 | int [01;36m[Kmain[m[K(int argc, char **argv)
[4.346s]       |     [01;36m[K^~~~[m[K
[4.644s] In file included from [01m[K/home/robogames/vt-cro/robogames_pi/car_robot_ws/src/articubot_one/src/main_bt_node.cpp:6[m[K:
[4.644s] /opt/ros/jazzy/include/behaviortree_cpp_v3/bt_factory.h: In instantiation of â€˜[01m[Kvoid BT::BehaviorTreeFactory::[01;32m[KregisterNodeType[m[K(const std::string&) [35m[K[with T = ConeNavigator; std::string = std::__cxx11::basic_string<char>][m[K[m[Kâ€™:
[4.644s] [01m[K/home/robogames/vt-cro/robogames_pi/car_robot_ws/src/articubot_one/src/main_bt_node.cpp:41:42:[m[K   required from here
[4.644s] [01m[K/opt/ros/jazzy/include/behaviortree_cpp_v3/bt_factory.h:368:64:[m[K [01;31m[Kerror: [m[Kstatic assertion failed: [registerNode]: accepts only classed derived from either ActionNodeBase, DecoratorNode, ControlNode or ConditionNode
[4.645s]   366 |     static_assert(std::is_base_of<ActionNodeBase, T>::[01;31m[Kvalue ||[m[K
[4.645s]       |                                                       [01;31m[K~~~~~~~~[m[K  
[4.645s]   367 | [01;31m[K                      std::is_base_of<ControlNode, T>::value ||[m[K
[4.645s]       |                       [01;31m[K~~~~~~~~~~~~~~~~~~~~~~~~~~~~~~~~~~~~~~~~~[m[K 
[4.645s]   368 | [01;31m[K                      std::is_base_of<DecoratorNode, T>::value ||[m[K
[4.645s]       |                       [01;31m[K~~~~~~~~~~~~~~~~~~~~~~~~~~~~~~~~~~~~~~~~~^~[m[K
[4.645s]   369 | [01;31m[K                      std::is_base_of<ConditionNode, T>::value[m[K,
[4.645s]       |                       [01;31m[K~~~~~~~~~~~~~~~~~~~~~~~~~~~~~~~~~~~~~~~~[m[K  
[4.646s] [01m[K/opt/ros/jazzy/include/behaviortree_cpp_v3/bt_factory.h:368:64:[m[K [01;36m[Knote: [m[Kâ€˜[01m[K(((((bool)std::integral_constant<bool, false>::value) || ((bool)std::integral_constant<bool, false>::value)) || ((bool)std::integral_constant<bool, false>::value)) || ((bool)std::integral_constant<bool, false>::value))[m[Kâ€™ evaluates to false
[4.646s] [01m[K/opt/ros/jazzy/include/behaviortree_cpp_v3/bt_factory.h:385:41:[m[K [01;31m[Kerror: [m[Kstatic assertion failed: [registerNode]: the registered class must have at least one of these two constructors:   (const std::string&, const NodeConfiguration&) or (const std::string&).
[4.646s] Check also if the constructor is public!
[4.646s]   385 |     static_assert([01;31m[Kdefault_constructable || param_constructable[m[K, "[registerNode]: the "
[4.646s]       |                   [01;31m[K~~~~~~~~~~~~~~~~~~~~~~^~~~~~~~~~~~~~~~~~~~~~[m[K
[4.646s] [01m[K/opt/ros/jazzy/include/behaviortree_cpp_v3/bt_factory.h:385:41:[m[K [01;36m[Knote: [m[Kâ€˜[01m[K(((bool)default_constructable) || ((bool)param_constructable))[m[Kâ€™ evaluates to false
[4.646s] [01m[K/opt/ros/jazzy/include/behaviortree_cpp_v3/bt_factory.h:418:60:[m[K [01;31m[Kerror: [m[Kno matching function for call to â€˜[01m[KCreateBuilder<ConeNavigator>()[m[Kâ€™
[4.646s]   418 |     registerBuilder(CreateManifest<T>(ID), [01;31m[KCreateBuilder<T>()[m[K);
[4.646s]       |                                            [01;31m[K~~~~~~~~~~~~~~~~^~[m[K
[4.646s] [01m[K/opt/ros/jazzy/include/behaviortree_cpp_v3/bt_factory.h:43:1:[m[K [01;36m[Knote: [m[Kcandidate: â€˜[01m[Ktemplate<class T> BT::NodeBuilder BT::[01;32m[KCreateBuilder[m[K(typename std::enable_if<(std::is_constructible<T, const std::__cxx11::basic_string<char, std::char_traits<char>, std::allocator<char> >&>::value && std::is_constructible<T, const std::__cxx11::basic_string<char, std::char_traits<char>, std::allocator<char> >&, const NodeConfiguration&>::value)>::type*)[m[Kâ€™
[4.646s]    43 | [01;36m[KCreateBuilder[m[K(typename std::enable_if<has_default_constructor<T>::value &&
[4.647s]       | [01;36m[K^~~~~~~~~~~~~[m[K
[4.647s] [01m[K/opt/ros/jazzy/include/behaviortree_cpp_v3/bt_factory.h:43:1:[m[K [01;36m[Knote: [m[K  template argument deduction/substitution failed:
[4.647s] /opt/ros/jazzy/include/behaviortree_cpp_v3/bt_factory.h: In substitution of â€˜[01m[Ktemplate<class T> BT::NodeBuilder BT::[01;32m[KCreateBuilder[m[K(typename std::enable_if<(std::is_constructible<T, const std::__cxx11::basic_string<char, std::char_traits<char>, std::allocator<char> >&>::value && std::is_constructible<T, const std::__cxx11::basic_string<char, std::char_traits<char>, std::allocator<char> >&, const NodeConfiguration&>::value)>::type*) [35m[K[with T = ConeNavigator][m[K[m[Kâ€™:
[4.647s] [01m[K/opt/ros/jazzy/include/behaviortree_cpp_v3/bt_factory.h:418:60:[m[K   required from â€˜[01m[Kvoid BT::BehaviorTreeFactory::[01;32m[KregisterNodeType[m[K(const std::string&) [35m[K[with T = ConeNavigator; std::string = std::__cxx11::basic_string<char>][m[K[m[Kâ€™
[4.647s] [01m[K/home/robogames/vt-cro/robogames_pi/car_robot_ws/src/articubot_one/src/main_bt_node.cpp:41:42:[m[K   required from here
[4.647s] [01m[K/opt/ros/jazzy/include/behaviortree_cpp_v3/bt_factory.h:43:1:[m[K [01;31m[Kerror: [m[Kno type named â€˜[01m[Ktype[m[Kâ€™ in â€˜[01m[Kstruct std::enable_if<false, void>[m[Kâ€™
[4.647s] /opt/ros/jazzy/include/behaviortree_cpp_v3/bt_factory.h: In instantiation of â€˜[01m[Kvoid BT::BehaviorTreeFactory::[01;32m[KregisterNodeType[m[K(const std::string&) [35m[K[with T = ConeNavigator; std::string = std::__cxx11::basic_string<char>][m[K[m[Kâ€™:
[4.647s] [01m[K/home/robogames/vt-cro/robogames_pi/car_robot_ws/src/articubot_one/src/main_bt_node.cpp:41:42:[m[K   required from here
[4.647s] [01m[K/opt/ros/jazzy/include/behaviortree_cpp_v3/bt_factory.h:59:1:[m[K [01;36m[Knote: [m[Kcandidate: â€˜[01m[Ktemplate<class T> BT::NodeBuilder BT::[01;32m[KCreateBuilder[m[K(typename std::enable_if<((! std::is_constructible<T, const std::__cxx11::basic_string<char, std::char_traits<char>, std::allocator<char> >&>::value) && std::is_constructible<T, const std::__cxx11::basic_string<char, std::char_traits<char>, std::allocator<char> >&, const NodeConfiguration&>::value)>::type*)[m[Kâ€™
[4.647s]    59 | [01;36m[KCreateBuilder[m[K(typename std::enable_if<!has_default_constructor<T>::value &&
[4.647s]       | [01;36m[K^~~~~~~~~~~~~[m[K
[4.648s] [01m[K/opt/ros/jazzy/include/behaviortree_cpp_v3/bt_factory.h:59:1:[m[K [01;36m[Knote: [m[K  template argument deduction/substitution failed:
[4.648s] /opt/ros/jazzy/include/behaviortree_cpp_v3/bt_factory.h: In substitution of â€˜[01m[Ktemplate<class T> BT::NodeBuilder BT::[01;32m[KCreateBuilder[m[K(typename std::enable_if<((! std::is_constructible<T, const std::__cxx11::basic_string<char, std::char_traits<char>, std::allocator<char> >&>::value) && std::is_constructible<T, const std::__cxx11::basic_string<char, std::char_traits<char>, std::allocator<char> >&, const NodeConfiguration&>::value)>::type*) [35m[K[with T = ConeNavigator][m[K[m[Kâ€™:
[4.648s] [01m[K/opt/ros/jazzy/include/behaviortree_cpp_v3/bt_factory.h:418:60:[m[K   required from â€˜[01m[Kvoid BT::BehaviorTreeFactory::[01;32m[KregisterNodeType[m[K(const std::string&) [35m[K[with T = ConeNavigator; std::string = std::__cxx11::basic_string<char>][m[K[m[Kâ€™
[4.648s] [01m[K/home/robogames/vt-cro/robogames_pi/car_robot_ws/src/articubot_one/src/main_bt_node.cpp:41:42:[m[K   required from here
[4.648s] [01m[K/opt/ros/jazzy/include/behaviortree_cpp_v3/bt_factory.h:59:1:[m[K [01;31m[Kerror: [m[Kno type named â€˜[01m[Ktype[m[Kâ€™ in â€˜[01m[Kstruct std::enable_if<false, void>[m[Kâ€™
[4.648s] /opt/ros/jazzy/include/behaviortree_cpp_v3/bt_factory.h: In instantiation of â€˜[01m[Kvoid BT::BehaviorTreeFactory::[01;32m[KregisterNodeType[m[K(const std::string&) [35m[K[with T = ConeNavigator; std::string = std::__cxx11::basic_string<char>][m[K[m[Kâ€™:
[4.648s] [01m[K/home/robogames/vt-cro/robogames_pi/car_robot_ws/src/articubot_one/src/main_bt_node.cpp:41:42:[m[K   required from here
[4.648s] [01m[K/opt/ros/jazzy/include/behaviortree_cpp_v3/bt_factory.h:69:1:[m[K [01;36m[Knote: [m[Kcandidate: â€˜[01m[Ktemplate<class T> BT::NodeBuilder BT::[01;32m[KCreateBuilder[m[K(typename std::enable_if<(std::is_constructible<T, const std::__cxx11::basic_string<char, std::char_traits<char>, std::allocator<char> >&>::value && (! std::is_constructible<T, const std::__cxx11::basic_string<char, std::char_traits<char>, std::allocator<char> >&, const NodeConfiguration&>::value))>::type*)[m[Kâ€™
[4.648s]    69 | [01;36m[KCreateBuilder[m[K(typename std::enable_if<has_default_constructor<T>::value &&
[4.648s]       | [01;36m[K^~~~~~~~~~~~~[m[K
[4.648s] [01m[K/opt/ros/jazzy/include/behaviortree_cpp_v3/bt_factory.h:69:1:[m[K [01;36m[Knote: [m[K  template argument deduction/substitution failed:
[4.648s] /opt/ros/jazzy/include/behaviortree_cpp_v3/bt_factory.h: In substitution of â€˜[01m[Ktemplate<class T> BT::NodeBuilder BT::[01;32m[KCreateBuilder[m[K(typename std::enable_if<(std::is_constructible<T, const std::__cxx11::basic_string<char, std::char_traits<char>, std::allocator<char> >&>::value && (! std::is_constructible<T, const std::__cxx11::basic_string<char, std::char_traits<char>, std::allocator<char> >&, const NodeConfiguration&>::value))>::type*) [35m[K[with T = ConeNavigator][m[K[m[Kâ€™:
[4.649s] [01m[K/opt/ros/jazzy/include/behaviortree_cpp_v3/bt_factory.h:418:60:[m[K   required from â€˜[01m[Kvoid BT::BehaviorTreeFactory::[01;32m[KregisterNodeType[m[K(const std::string&) [35m[K[with T = ConeNavigator; std::string = std::__cxx11::basic_string<char>][m[K[m[Kâ€™
[4.649s] [01m[K/home/robogames/vt-cro/robogames_pi/car_robot_ws/src/articubot_one/src/main_bt_node.cpp:41:42:[m[K   required from here
[4.649s] [01m[K/opt/ros/jazzy/include/behaviortree_cpp_v3/bt_factory.h:69:1:[m[K [01;31m[Kerror: [m[Kno type named â€˜[01m[Ktype[m[Kâ€™ in â€˜[01m[Kstruct std::enable_if<false, void>[m[Kâ€™
[8.800s] gmake[2]: *** [CMakeFiles/main_bt_node.dir/build.make:76: CMakeFiles/main_bt_node.dir/src/main_bt_node.cpp.o] Error 1
[8.800s] gmake[1]: *** [CMakeFiles/Makefile2:249: CMakeFiles/main_bt_node.dir/all] Error 2
[8.801s] gmake: *** [Makefile:146: all] Error 2
[8.804s] Invoked command in '/home/robogames/vt-cro/robogames_pi/car_robot_ws/build/articubot_one' returned '2': CMAKE_PREFIX_PATH=/opt/ros/jazzy:${CMAKE_PREFIX_PATH} DEBUGINFOD_URLS=https://debuginfod.ubuntu.com /usr/bin/cmake --build /home/robogames/vt-cro/robogames_pi/car_robot_ws/build/articubot_one -- -j4 -l4
