[ 16%] Built target color_detection_node
[ 25%] [32mBuilding CXX object CMakeFiles/yolo_detector_node.dir/src/yolo_detector_node.cpp.o[0m
[ 41%] Built target joy_serial
[ 58%] Built target depth_to_laserscan
[ 75%] Built target depth_processing_node
[ 91%] Built target main_bt_node
[01m[K/home/robogames/vt-cro/robogames_pi/car_robot_ws/src/articubot_one/src/yolo_detector_node.cpp:[m[K In member function â€˜[01m[Kvoid YoloDetectorNode::[01;32m[Kimage_callback[m[K(sensor_msgs::msg::Image_<std::allocator<void> >::SharedPtr)[m[Kâ€™:
[01m[K/home/robogames/vt-cro/robogames_pi/car_robot_ws/src/articubot_one/src/yolo_detector_node.cpp:104:21:[m[K [01;31m[Kerror: [m[Kâ€˜[01m[Kserialize[m[Kâ€™ is not a member of â€˜[01m[Krclcpp[m[Kâ€™
  104 |             rclcpp::[01;31m[Kserialize[m[K(*out_msg, serialized_msg);
      |                     [01;31m[K^~~~~~~~~[m[K
gmake[2]: *** [CMakeFiles/yolo_detector_node.dir/build.make:76: CMakeFiles/yolo_detector_node.dir/src/yolo_detector_node.cpp.o] Error 1
gmake[1]: *** [CMakeFiles/Makefile2:199: CMakeFiles/yolo_detector_node.dir/all] Error 2
gmake: *** [Makefile:146: all] Error 2
