[0.043s] Invoking command in '/home/robogames/vt-cro/robogames_pi/car_robot_ws/build/articubot_one': CMAKE_PREFIX_PATH=/home/robogames/vt-cro/robogames_pi/car_robot_ws/install/opencv_tools:/opt/ros/jazzy:${CMAKE_PREFIX_PATH} DEBUGINFOD_URLS=https://debuginfod.ubuntu.com /usr/bin/cmake --build /home/robogames/vt-cro/robogames_pi/car_robot_ws/build/articubot_one -- -j4 -l4
[0.623s] [ 16%] Built target color_detection_node
[0.625s] [ 25%] [32mBuilding CXX object CMakeFiles/yolo_detector_node.dir/src/yolo_detector_node.cpp.o[0m
[0.627s] [ 41%] Built target joy_serial
[0.627s] [ 58%] Built target depth_to_laserscan
[0.627s] [ 75%] Built target depth_processing_node
[0.628s] [ 91%] Built target main_bt_node
[6.701s] [01m[K/home/robogames/vt-cro/robogames_pi/car_robot_ws/src/articubot_one/src/yolo_detector_node.cpp:[m[K In member function â€˜[01m[Kvoid YoloDetectorNode::[01;32m[Kimage_callback[m[K(sensor_msgs::msg::Image_<std::allocator<void> >::SharedPtr)[m[Kâ€™:
[6.701s] [01m[K/home/robogames/vt-cro/robogames_pi/car_robot_ws/src/articubot_one/src/yolo_detector_node.cpp:104:21:[m[K [01;31m[Kerror: [m[Kâ€˜[01m[Kserialize[m[Kâ€™ is not a member of â€˜[01m[Krclcpp[m[Kâ€™
[6.701s]   104 |             rclcpp::[01;31m[Kserialize[m[K(*out_msg, serialized_msg);
[6.701s]       |                     [01;31m[K^~~~~~~~~[m[K
[10.610s] gmake[2]: *** [CMakeFiles/yolo_detector_node.dir/build.make:76: CMakeFiles/yolo_detector_node.dir/src/yolo_detector_node.cpp.o] Error 1
[10.611s] gmake[1]: *** [CMakeFiles/Makefile2:199: CMakeFiles/yolo_detector_node.dir/all] Error 2
[10.611s] gmake: *** [Makefile:146: all] Error 2
[10.615s] Invoked command in '/home/robogames/vt-cro/robogames_pi/car_robot_ws/build/articubot_one' returned '2': CMAKE_PREFIX_PATH=/home/robogames/vt-cro/robogames_pi/car_robot_ws/install/opencv_tools:/opt/ros/jazzy:${CMAKE_PREFIX_PATH} DEBUGINFOD_URLS=https://debuginfod.ubuntu.com /usr/bin/cmake --build /home/robogames/vt-cro/robogames_pi/car_robot_ws/build/articubot_one -- -j4 -l4
