[0.058s] Invoking command in '/home/robogames/vt-cro/robogames_pi/car_robot_ws/build/articubot_one': CMAKE_PREFIX_PATH=/opt/ros/jazzy:${CMAKE_PREFIX_PATH} DEBUGINFOD_URLS=https://debuginfod.ubuntu.com /usr/bin/cmake --build /home/robogames/vt-cro/robogames_pi/car_robot_ws/build/articubot_one -- -j4 -l4
[0.202s] [ 20%] Built target joy_serial
[0.229s] [ 40%] Built target color_detection_node
[0.235s] [ 60%] Built target depth_to_laserscan
[0.239s] [ 80%] Built target depth_processing_node
[0.286s] [ 90%] [32mBuilding CXX object CMakeFiles/main_bt_node.dir/src/main_bt_node.cpp.o[0m
[4.822s] In file included from [01m[K/home/robogames/vt-cro/robogames_pi/car_robot_ws/src/articubot_one/src/main_bt_node.cpp:6[m[K:
[4.822s] /opt/ros/jazzy/include/behaviortree_cpp_v3/bt_factory.h: In instantiation of â€˜[01m[Kvoid BT::BehaviorTreeFactory::[01;32m[KregisterNodeType[m[K(const std::string&) [35m[K[with T = RecoveryNode; std::string = std::__cxx11::basic_string<char>][m[K[m[Kâ€™:
[4.823s] [01m[K/home/robogames/vt-cro/robogames_pi/car_robot_ws/src/articubot_one/src/main_bt_node.cpp:38:41:[m[K   required from here
[4.823s] [01m[K/opt/ros/jazzy/include/behaviortree_cpp_v3/bt_factory.h:368:64:[m[K [01;31m[Kerror: [m[Kstatic assertion failed: [registerNode]: accepts only classed derived from either ActionNodeBase, DecoratorNode, ControlNode or ConditionNode
[4.823s]   366 |     static_assert(std::is_base_of<ActionNodeBase, T>::[01;31m[Kvalue ||[m[K
[4.823s]       |                                                       [01;31m[K~~~~~~~~[m[K  
[4.823s]   367 | [01;31m[K                      std::is_base_of<ControlNode, T>::value ||[m[K
[4.823s]       |                       [01;31m[K~~~~~~~~~~~~~~~~~~~~~~~~~~~~~~~~~~~~~~~~~[m[K 
[4.823s]   368 | [01;31m[K                      std::is_base_of<DecoratorNode, T>::value ||[m[K
[4.824s]       |                       [01;31m[K~~~~~~~~~~~~~~~~~~~~~~~~~~~~~~~~~~~~~~~~~^~[m[K
[4.824s]   369 | [01;31m[K                      std::is_base_of<ConditionNode, T>::value[m[K,
[4.824s]       |                       [01;31m[K~~~~~~~~~~~~~~~~~~~~~~~~~~~~~~~~~~~~~~~~[m[K  
[4.824s] [01m[K/opt/ros/jazzy/include/behaviortree_cpp_v3/bt_factory.h:368:64:[m[K [01;36m[Knote: [m[Kâ€˜[01m[K(((((bool)std::integral_constant<bool, false>::value) || ((bool)std::integral_constant<bool, false>::value)) || ((bool)std::integral_constant<bool, false>::value)) || ((bool)std::integral_constant<bool, false>::value))[m[Kâ€™ evaluates to false
[4.824s] [01m[K/opt/ros/jazzy/include/behaviortree_cpp_v3/bt_factory.h:385:41:[m[K [01;31m[Kerror: [m[Kstatic assertion failed: [registerNode]: the registered class must have at least one of these two constructors:   (const std::string&, const NodeConfiguration&) or (const std::string&).
[4.824s] Check also if the constructor is public!
[4.824s]   385 |     static_assert([01;31m[Kdefault_constructable || param_constructable[m[K, "[registerNode]: the "
[4.824s]       |                   [01;31m[K~~~~~~~~~~~~~~~~~~~~~~^~~~~~~~~~~~~~~~~~~~~~[m[K
[4.824s] [01m[K/opt/ros/jazzy/include/behaviortree_cpp_v3/bt_factory.h:385:41:[m[K [01;36m[Knote: [m[Kâ€˜[01m[K(((bool)default_constructable) || ((bool)param_constructable))[m[Kâ€™ evaluates to false
[4.824s] [01m[K/opt/ros/jazzy/include/behaviortree_cpp_v3/bt_factory.h:418:60:[m[K [01;31m[Kerror: [m[Kno matching function for call to â€˜[01m[KCreateBuilder<RecoveryNode>()[m[Kâ€™
[4.824s]   418 |     registerBuilder(CreateManifest<T>(ID), [01;31m[KCreateBuilder<T>()[m[K);
[4.824s]       |                                            [01;31m[K~~~~~~~~~~~~~~~~^~[m[K
[4.825s] [01m[K/opt/ros/jazzy/include/behaviortree_cpp_v3/bt_factory.h:43:1:[m[K [01;36m[Knote: [m[Kcandidate: â€˜[01m[Ktemplate<class T> BT::NodeBuilder BT::[01;32m[KCreateBuilder[m[K(typename std::enable_if<(std::is_constructible<T, const std::__cxx11::basic_string<char, std::char_traits<char>, std::allocator<char> >&>::value && std::is_constructible<T, const std::__cxx11::basic_string<char, std::char_traits<char>, std::allocator<char> >&, const NodeConfiguration&>::value)>::type*)[m[Kâ€™
[4.825s]    43 | [01;36m[KCreateBuilder[m[K(typename std::enable_if<has_default_constructor<T>::value &&
[4.825s]       | [01;36m[K^~~~~~~~~~~~~[m[K
[4.825s] [01m[K/opt/ros/jazzy/include/behaviortree_cpp_v3/bt_factory.h:43:1:[m[K [01;36m[Knote: [m[K  template argument deduction/substitution failed:
[4.825s] /opt/ros/jazzy/include/behaviortree_cpp_v3/bt_factory.h: In substitution of â€˜[01m[Ktemplate<class T> BT::NodeBuilder BT::[01;32m[KCreateBuilder[m[K(typename std::enable_if<(std::is_constructible<T, const std::__cxx11::basic_string<char, std::char_traits<char>, std::allocator<char> >&>::value && std::is_constructible<T, const std::__cxx11::basic_string<char, std::char_traits<char>, std::allocator<char> >&, const NodeConfiguration&>::value)>::type*) [35m[K[with T = RecoveryNode][m[K[m[Kâ€™:
[4.825s] [01m[K/opt/ros/jazzy/include/behaviortree_cpp_v3/bt_factory.h:418:60:[m[K   required from â€˜[01m[Kvoid BT::BehaviorTreeFactory::[01;32m[KregisterNodeType[m[K(const std::string&) [35m[K[with T = RecoveryNode; std::string = std::__cxx11::basic_string<char>][m[K[m[Kâ€™
[4.825s] [01m[K/home/robogames/vt-cro/robogames_pi/car_robot_ws/src/articubot_one/src/main_bt_node.cpp:38:41:[m[K   required from here
[4.825s] [01m[K/opt/ros/jazzy/include/behaviortree_cpp_v3/bt_factory.h:43:1:[m[K [01;31m[Kerror: [m[Kno type named â€˜[01m[Ktype[m[Kâ€™ in â€˜[01m[Kstruct std::enable_if<false, void>[m[Kâ€™
[4.825s] /opt/ros/jazzy/include/behaviortree_cpp_v3/bt_factory.h: In instantiation of â€˜[01m[Kvoid BT::BehaviorTreeFactory::[01;32m[KregisterNodeType[m[K(const std::string&) [35m[K[with T = RecoveryNode; std::string = std::__cxx11::basic_string<char>][m[K[m[Kâ€™:
[4.825s] [01m[K/home/robogames/vt-cro/robogames_pi/car_robot_ws/src/articubot_one/src/main_bt_node.cpp:38:41:[m[K   required from here
[4.826s] [01m[K/opt/ros/jazzy/include/behaviortree_cpp_v3/bt_factory.h:59:1:[m[K [01;36m[Knote: [m[Kcandidate: â€˜[01m[Ktemplate<class T> BT::NodeBuilder BT::[01;32m[KCreateBuilder[m[K(typename std::enable_if<((! std::is_constructible<T, const std::__cxx11::basic_string<char, std::char_traits<char>, std::allocator<char> >&>::value) && std::is_constructible<T, const std::__cxx11::basic_string<char, std::char_traits<char>, std::allocator<char> >&, const NodeConfiguration&>::value)>::type*)[m[Kâ€™
[4.826s]    59 | [01;36m[KCreateBuilder[m[K(typename std::enable_if<!has_default_constructor<T>::value &&
[4.826s]       | [01;36m[K^~~~~~~~~~~~~[m[K
[4.826s] [01m[K/opt/ros/jazzy/include/behaviortree_cpp_v3/bt_factory.h:59:1:[m[K [01;36m[Knote: [m[K  template argument deduction/substitution failed:
[4.826s] /opt/ros/jazzy/include/behaviortree_cpp_v3/bt_factory.h: In substitution of â€˜[01m[Ktemplate<class T> BT::NodeBuilder BT::[01;32m[KCreateBuilder[m[K(typename std::enable_if<((! std::is_constructible<T, const std::__cxx11::basic_string<char, std::char_traits<char>, std::allocator<char> >&>::value) && std::is_constructible<T, const std::__cxx11::basic_string<char, std::char_traits<char>, std::allocator<char> >&, const NodeConfiguration&>::value)>::type*) [35m[K[with T = RecoveryNode][m[K[m[Kâ€™:
[4.826s] [01m[K/opt/ros/jazzy/include/behaviortree_cpp_v3/bt_factory.h:418:60:[m[K   required from â€˜[01m[Kvoid BT::BehaviorTreeFactory::[01;32m[KregisterNodeType[m[K(const std::string&) [35m[K[with T = RecoveryNode; std::string = std::__cxx11::basic_string<char>][m[K[m[Kâ€™
[4.826s] [01m[K/home/robogames/vt-cro/robogames_pi/car_robot_ws/src/articubot_one/src/main_bt_node.cpp:38:41:[m[K   required from here
[4.826s] [01m[K/opt/ros/jazzy/include/behaviortree_cpp_v3/bt_factory.h:59:1:[m[K [01;31m[Kerror: [m[Kno type named â€˜[01m[Ktype[m[Kâ€™ in â€˜[01m[Kstruct std::enable_if<false, void>[m[Kâ€™
[4.826s] /opt/ros/jazzy/include/behaviortree_cpp_v3/bt_factory.h: In instantiation of â€˜[01m[Kvoid BT::BehaviorTreeFactory::[01;32m[KregisterNodeType[m[K(const std::string&) [35m[K[with T = RecoveryNode; std::string = std::__cxx11::basic_string<char>][m[K[m[Kâ€™:
[4.826s] [01m[K/home/robogames/vt-cro/robogames_pi/car_robot_ws/src/articubot_one/src/main_bt_node.cpp:38:41:[m[K   required from here
[4.826s] [01m[K/opt/ros/jazzy/include/behaviortree_cpp_v3/bt_factory.h:69:1:[m[K [01;36m[Knote: [m[Kcandidate: â€˜[01m[Ktemplate<class T> BT::NodeBuilder BT::[01;32m[KCreateBuilder[m[K(typename std::enable_if<(std::is_constructible<T, const std::__cxx11::basic_string<char, std::char_traits<char>, std::allocator<char> >&>::value && (! std::is_constructible<T, const std::__cxx11::basic_string<char, std::char_traits<char>, std::allocator<char> >&, const NodeConfiguration&>::value))>::type*)[m[Kâ€™
[4.826s]    69 | [01;36m[KCreateBuilder[m[K(typename std::enable_if<has_default_constructor<T>::value &&
[4.827s]       | [01;36m[K^~~~~~~~~~~~~[m[K
[4.827s] [01m[K/opt/ros/jazzy/include/behaviortree_cpp_v3/bt_factory.h:69:1:[m[K [01;36m[Knote: [m[K  template argument deduction/substitution failed:
[4.827s] /opt/ros/jazzy/include/behaviortree_cpp_v3/bt_factory.h: In substitution of â€˜[01m[Ktemplate<class T> BT::NodeBuilder BT::[01;32m[KCreateBuilder[m[K(typename std::enable_if<(std::is_constructible<T, const std::__cxx11::basic_string<char, std::char_traits<char>, std::allocator<char> >&>::value && (! std::is_constructible<T, const std::__cxx11::basic_string<char, std::char_traits<char>, std::allocator<char> >&, const NodeConfiguration&>::value))>::type*) [35m[K[with T = RecoveryNode][m[K[m[Kâ€™:
[4.827s] [01m[K/opt/ros/jazzy/include/behaviortree_cpp_v3/bt_factory.h:418:60:[m[K   required from â€˜[01m[Kvoid BT::BehaviorTreeFactory::[01;32m[KregisterNodeType[m[K(const std::string&) [35m[K[with T = RecoveryNode; std::string = std::__cxx11::basic_string<char>][m[K[m[Kâ€™
[4.827s] [01m[K/home/robogames/vt-cro/robogames_pi/car_robot_ws/src/articubot_one/src/main_bt_node.cpp:38:41:[m[K   required from here
[4.827s] [01m[K/opt/ros/jazzy/include/behaviortree_cpp_v3/bt_factory.h:69:1:[m[K [01;31m[Kerror: [m[Kno type named â€˜[01m[Ktype[m[Kâ€™ in â€˜[01m[Kstruct std::enable_if<false, void>[m[Kâ€™
[9.094s] gmake[2]: *** [CMakeFiles/main_bt_node.dir/build.make:76: CMakeFiles/main_bt_node.dir/src/main_bt_node.cpp.o] Error 1
[9.094s] gmake[1]: *** [CMakeFiles/Makefile2:249: CMakeFiles/main_bt_node.dir/all] Error 2
[9.095s] gmake: *** [Makefile:146: all] Error 2
[9.099s] Invoked command in '/home/robogames/vt-cro/robogames_pi/car_robot_ws/build/articubot_one' returned '2': CMAKE_PREFIX_PATH=/opt/ros/jazzy:${CMAKE_PREFIX_PATH} DEBUGINFOD_URLS=https://debuginfod.ubuntu.com /usr/bin/cmake --build /home/robogames/vt-cro/robogames_pi/car_robot_ws/build/articubot_one -- -j4 -l4
